<!DOCTYPE html PUBLIC "-//W3C//DTD XHTML 1.1//EN" "http://www.w3.org/TR/xhtml11/DTD/xhtml11.dtd">
<html xmlns="http://www.w3.org/1999/xhtml"><head><title>TestNG Report</title><style type="text/css">table {margin-bottom:10px;border-collapse:collapse;empty-cells:show}th,td {border:1px solid #009;padding:.25em .5em}th {vertical-align:bottom}td {vertical-align:top}table a {font-weight:bold}.stripe td {background-color: #E6EBF9}.num {text-align:right}.passedodd td {background-color: #3F3}.passedeven td {background-color: #0A0}.skippedodd td {background-color: #DDD}.skippedeven td {background-color: #CCC}.failedodd td,.attn {background-color: #F33}.failedeven td,.stripe .attn {background-color: #D00}.stacktrace {white-space:pre;font-family:monospace}.totop {font-size:85%;text-align:center;border-bottom:2px solid #000}</style></head><body><table><tr><th>Test</th><th># Passed</th><th># Skipped</th><th># Failed</th><th>Time (ms)</th><th>Included Groups</th><th>Excluded Groups</th></tr><tr><th colspan="7">Suite</th></tr><tr><td><a href="#t0">Test</a></td><td class="num">20</td><td class="num">0</td><td class="num attn">10</td><td class="num">463,934</td><td></td><td></td></tr></table><table id='summary'><thead><tr><th>Class</th><th>Method</th><th>Start</th><th>Time (ms)</th></tr></thead><tbody><tr><th colspan="4">Suite</th></tr></tbody><tbody id="t0"><tr><th colspan="4">Test &#8212; failed</th></tr><tr class="failedeven"><td rowspan="1">com.obsqura.ServiceApp.ClientMoreInfoPageTest</td><td><a href="#m0">checkClickOnExportToExcelFileAndDownloadIt</a></td><td rowspan="1">1674578037095</td><td rowspan="1">9932</td></tr><tr class="failedodd"><td rowspan="1">com.obsqura.ServiceApp.ClientWindowPageTest</td><td><a href="#m1">verifyEnterClientDetailsAndAddClient</a></td><td rowspan="1">1674578247410</td><td rowspan="1">5899</td></tr><tr class="failedeven"><td rowspan="2">com.obsqura.ServiceApp.HomePageTest</td><td><a href="#m2">verifyAndClickOnDateCalenderAddEventIfAddedOrNot</a></td><td rowspan="1">1674578095450</td><td rowspan="1">3913</td></tr><tr class="failedeven"><td><a href="#m3">verifyAndClickOnDateCalenderEventAndDeleteIt</a></td><td rowspan="1">1674578107725</td><td rowspan="1">4276</td></tr><tr class="failedodd"><td rowspan="3">com.obsqura.ServiceApp.InventoryPageInfoTest</td><td><a href="#m4">checkAndClickOnInventoryPdtTableElementAndInspectButtonColors</a></td><td rowspan="1">1674578195690</td><td rowspan="1">5164</td></tr><tr class="failedodd"><td><a href="#m5">checkColorOfVariousButtonsInPrintBarcodeOrLabel</a></td><td rowspan="1">1674578208920</td><td rowspan="1">4866</td></tr><tr class="failedodd"><td><a href="#m6">verifyAndClickOnPrintBarcodeOrLabelAndGetAlertDescription</a></td><td rowspan="1">1674578221956</td><td rowspan="1">5056</td></tr><tr class="failedeven"><td rowspan="3">com.obsqura.ServiceApp.ReparationWindowPageTest</td><td><a href="#m7">verifyAndEnterMandatoryDetailsAddReparationReportGenerated</a></td><td rowspan="1">1674578327641</td><td rowspan="1">4359</td></tr><tr class="failedeven"><td><a href="#m8">verifyAndEnterSomeReparationDetailseAndAddReparation</a></td><td rowspan="1">1674578456002</td><td rowspan="1">4176</td></tr><tr class="failedeven"><td><a href="#m9">verifyClickOnViewReparationInNewWindow</a></td><td rowspan="1">1674578389224</td><td rowspan="1">58091</td></tr><tr><th colspan="4">Test &#8212; passed</th></tr><tr class="passedeven"><td rowspan="1">com.obsqura.ServiceApp.ClientMoreInfoPageTest</td><td><a href="#m10">verifyClickOnViewClientInNewWindowAndModifyName</a></td><td rowspan="1">1674578055466</td><td rowspan="1">6634</td></tr><tr class="passedodd"><td rowspan="2">com.obsqura.ServiceApp.ClientWindowPageTest</td><td><a href="#m11">verifycolorOfTheVariousButtonsOfAddClientForm</a></td><td rowspan="1">1674578262912</td><td rowspan="1">4729</td></tr><tr class="passedodd"><td><a href="#m12">verifyeEnterClientDetailsWithoutNameAndAddClient</a></td><td rowspan="1">1674578276644</td><td rowspan="1">5731</td></tr><tr class="passedeven"><td rowspan="1">com.obsqura.ServiceApp.DropdownUserMenuTest</td><td><a href="#m13">verifyUserSignOut</a></td><td rowspan="1">1674578070252</td><td rowspan="1">4835</td></tr><tr class="passedodd"><td rowspan="3">com.obsqura.ServiceApp.HomePageTest</td><td><a href="#m14">checkEnterAnInvalidMailIdDetailsAndSend</a></td><td rowspan="1">1674578082702</td><td rowspan="1">4794</td></tr><tr class="passedodd"><td><a href="#m15">verifyAndGetColorOfThreeContainerBoxes</a></td><td rowspan="1">1674578120782</td><td rowspan="1">3984</td></tr><tr class="passedodd"><td><a href="#m16">verifyEnterAnyTwoFieldsOfQuickEmailAndSend</a></td><td rowspan="1">1674578133154</td><td rowspan="1">5030</td></tr><tr class="passedeven"><td rowspan="1">com.obsqura.ServiceApp.InventoryPageInfoTest</td><td><a href="#m17">verifyClickOnInventoryPdtMoreInfoAndFetchUrl</a></td><td rowspan="1">1674578235300</td><td rowspan="1">4804</td></tr><tr class="passedodd"><td rowspan="5">com.obsqura.ServiceApp.LoginPageTest</td><td><a href="#m18">verifyClickForgotPassword</a></td><td rowspan="1">1674578146697</td><td rowspan="1">1793</td></tr><tr class="passedodd"><td><a href="#m19">verifyClickRememberCheckBoxOnly</a></td><td rowspan="1">1674578157294</td><td rowspan="1">895</td></tr><tr class="passedodd"><td><a href="#m20">verifyEnterPasswordAndRememberCheckBoxOnly</a></td><td rowspan="1">1674578166407</td><td rowspan="1">967</td></tr><tr class="passedodd"><td><a href="#m21">verifyEnterUsernameAndPassword</a></td><td rowspan="1">1674578175171</td><td rowspan="1">3904</td></tr><tr class="passedodd"><td><a href="#m22">verifyEnterUsernameAndRememberCheckBoxOnly</a></td><td rowspan="1">1674578186942</td><td rowspan="1">962</td></tr><tr class="passedeven"><td rowspan="2">com.obsqura.ServiceApp.NotificationPageTest</td><td><a href="#m23">checkClickNotificationAndNavigateToQuantityAlerts</a></td><td rowspan="1">1674578006648</td><td rowspan="1">7091</td></tr><tr class="passedeven"><td><a href="#m24">checkClickNotificationAndQuantityAlertTitle</a></td><td rowspan="1">1674578022510</td><td rowspan="1">5535</td></tr><tr class="passedodd"><td rowspan="3">com.obsqura.ServiceApp.ReparationWindowPageTest</td><td><a href="#m25">checkClickOnMoreInfoAndExportPdfFile</a></td><td rowspan="1">1674578341078</td><td rowspan="1">7135</td></tr><tr class="passedodd"><td><a href="#m26">verifyClickOnPrintBarcodeInNewWindowCheckHeader</a></td><td rowspan="1">1674578371333</td><td rowspan="1">9491</td></tr><tr class="passedodd"><td><a href="#m27">verifyGetColorOfTheButtonsOfAddReparation</a></td><td rowspan="1">1674578357164</td><td rowspan="1">6319</td></tr><tr class="passedeven"><td rowspan="1">com.obsqura.ServiceApp.SendEmailWindowPageTest</td><td><a href="#m28">verifySelectNameEnterMessageAndSend</a></td><td rowspan="1">1674578290288</td><td rowspan="1">12484</td></tr><tr class="passedodd"><td rowspan="1">com.obsqura.ServiceApp.SendSMSWindowPageTest</td><td><a href="#m29">verifySelectNameEnterMessageAndSend</a></td><td rowspan="1">1674578311773</td><td rowspan="1">6792</td></tr></tbody></table><h2>Test</h2><h3 id="m0">com.obsqura.ServiceApp.ClientMoreInfoPageTest#checkClickOnExportToExcelFileAndDownloadIt</h3><table class="result"><tr><th>Exception</th></tr><tr><td><div class="stacktrace">org.openqa.selenium.ElementClickInterceptedException: element click intercepted: Element &lt;i class=&quot;icon fa fa-tasks tip&quot; data-placement=&quot;left&quot; title=&quot;&quot; data-original-title=&quot;Actions&quot;&gt;&lt;/i&gt; is not clickable at point (1247, 125). Other element would receive the click: &lt;div id=&quot;loadingmessage&quot; class=&quot;loader&quot; style=&quot;&quot;&gt;&lt;/div&gt;
  (Session info: chrome=109.0.5414.75)
Build info: version: &apos;4.7.2&apos;, revision: &apos;4d4020c3b7&apos;
System info: os.name: &apos;Windows 10&apos;, os.arch: &apos;amd64&apos;, os.version: &apos;10.0&apos;, java.version: &apos;1.8.0_201&apos;
Driver info: org.openqa.selenium.chrome.ChromeDriver
Command: [bb5c091703dba6a0c8df8541a6753360, clickElement {id=52364513-2550-45f9-8b74-45be06b25e28}]
Capabilities {acceptInsecureCerts: false, browserName: chrome, browserVersion: 109.0.5414.75, chrome: {chromedriverVersion: 108.0.5359.71 (1e0e3868ee06..., userDataDir: C:\Users\admin\AppData\Loca...}, goog:chromeOptions: {debuggerAddress: localhost:62938}, networkConnectionEnabled: false, pageLoadStrategy: normal, platformName: WINDOWS, proxy: Proxy(), se:cdp: ws://localhost:62938/devtoo..., se:cdpVersion: 109.0.5414.75, setWindowRect: true, strictFileInteractability: false, timeouts: {implicit: 0, pageLoad: 300000, script: 30000}, unhandledPromptBehavior: dismiss and notify, webauthn:extension:credBlob: true, webauthn:extension:largeBlob: true, webauthn:virtualAuthenticators: true}
Element: [[ChromeDriver: chrome on WINDOWS (bb5c091703dba6a0c8df8541a6753360)] -&gt; xpath: //a[@data-toggle=&apos;dropdown&apos;]//child::i[@data-original-title=&apos;Actions&apos;]]
Session ID: bb5c091703dba6a0c8df8541a6753360
	at org.openqa.selenium.remote.codec.w3c.W3CHttpResponseCodec.createException(W3CHttpResponseCodec.java:200)
	at org.openqa.selenium.remote.codec.w3c.W3CHttpResponseCodec.decode(W3CHttpResponseCodec.java:133)
	at org.openqa.selenium.remote.codec.w3c.W3CHttpResponseCodec.decode(W3CHttpResponseCodec.java:53)
	at org.openqa.selenium.remote.HttpCommandExecutor.execute(HttpCommandExecutor.java:184)
	at org.openqa.selenium.remote.service.DriverCommandExecutor.invokeExecute(DriverCommandExecutor.java:167)
	at org.openqa.selenium.remote.service.DriverCommandExecutor.execute(DriverCommandExecutor.java:142)
	at org.openqa.selenium.remote.RemoteWebDriver.execute(RemoteWebDriver.java:535)
	at org.openqa.selenium.remote.RemoteWebElement.execute(RemoteWebElement.java:257)
	at org.openqa.selenium.remote.RemoteWebElement.click(RemoteWebElement.java:78)
	at org.openqa.selenium.support.pagefactory.internal.LocatingElementHandler.invoke(LocatingElementHandler.java:52)
	at com.sun.proxy.$Proxy20.click(Unknown Source)
	at utilities.PageUtility.clickOnElement(PageUtility.java:12)
	at pages.ClientMoreInfoPage.clickOnExportToExcelFileAndDownloadIt(ClientMoreInfoPage.java:85)
	at com.obsqura.ServiceApp.ClientMoreInfoPageTest.checkClickOnExportToExcelFileAndDownloadIt(ClientMoreInfoPageTest.java:25)
... Removed 33 stack frames</div></td></tr></table><p class="totop"><a href="#summary">back to summary</a></p><h3 id="m1">com.obsqura.ServiceApp.ClientWindowPageTest#verifyEnterClientDetailsAndAddClient</h3><table class="result"><tr class="param"><th>Parameter #1</th><th>Parameter #2</th><th>Parameter #3</th><th>Parameter #4</th><th>Parameter #5</th><th>Parameter #6</th><th>Parameter #7</th><th>Parameter #8</th><th>Parameter #9</th><th>Parameter #10</th></tr><tr class="param stripe"><td>Lewbricks Solutions</td><td>Mumbai</td><td>Mayank Vihar, Dombivilli East, Bombay</td><td>Andheri</td><td>047239</td><td>6734209836</td><td>nakul89@rediffmail.com</td><td>CG87OP54</td><td>56YU98</td><td>Samsung yfold phone screen display</td></tr><tr><th colspan="10">Exception</th></tr><tr><td colspan="10"><div class="stacktrace">java.io.IOException: Cannot run program &quot;C:\\Users\\admin\\Desktop\\ServiceApp\\ScreengRepair.exe&quot;: CreateProcess error=2, The system cannot find the file specified
	at java.lang.ProcessBuilder.start(Unknown Source)
	at java.lang.Runtime.exec(Unknown Source)
	at java.lang.Runtime.exec(Unknown Source)
	at java.lang.Runtime.exec(Unknown Source)
	at pages.ClientWindowPage.enterClientDetailsAndAddClient(ClientWindowPage.java:142)
	at com.obsqura.ServiceApp.ClientWindowPageTest.verifyEnterClientDetailsAndAddClient(ClientWindowPageTest.java:21)
Caused by: java.io.IOException: CreateProcess error=2, The system cannot find the file specified
	at java.lang.ProcessImpl.create(Native Method)
	at java.lang.ProcessImpl.&lt;init&gt;(Unknown Source)
	at java.lang.ProcessImpl.start(Unknown Source)
	... 31 more
... Removed 25 stack frames</div></td></tr></table><p class="totop"><a href="#summary">back to summary</a></p><h3 id="m2">com.obsqura.ServiceApp.HomePageTest#verifyAndClickOnDateCalenderAddEventIfAddedOrNot</h3><table class="result"><tr><th>Exception</th></tr><tr><td><div class="stacktrace">org.openqa.selenium.NoSuchElementException: no such element: Unable to locate element: {&quot;method&quot;:&quot;xpath&quot;,&quot;selector&quot;:&quot;//div[@class=&apos;modal-content&apos;]//child::input[@class=&apos;bootbox-input bootbox-input-text form-control&apos;]&quot;}
  (Session info: chrome=109.0.5414.75)
For documentation on this error, please visit: https://selenium.dev/exceptions/#no_such_element
Build info: version: &apos;4.7.2&apos;, revision: &apos;4d4020c3b7&apos;
System info: os.name: &apos;Windows 10&apos;, os.arch: &apos;amd64&apos;, os.version: &apos;10.0&apos;, java.version: &apos;1.8.0_201&apos;
Driver info: org.openqa.selenium.chrome.ChromeDriver
Command: [126511c1f84aeb33f29d476512ef1e8b, findElement {using=xpath, value=//div[@class=&apos;modal-content&apos;]//child::input[@class=&apos;bootbox-input bootbox-input-text form-control&apos;]}]
Capabilities {acceptInsecureCerts: false, browserName: chrome, browserVersion: 109.0.5414.75, chrome: {chromedriverVersion: 108.0.5359.71 (1e0e3868ee06..., userDataDir: C:\Users\admin\AppData\Loca...}, goog:chromeOptions: {debuggerAddress: localhost:63211}, networkConnectionEnabled: false, pageLoadStrategy: normal, platformName: WINDOWS, proxy: Proxy(), se:cdp: ws://localhost:63211/devtoo..., se:cdpVersion: 109.0.5414.75, setWindowRect: true, strictFileInteractability: false, timeouts: {implicit: 0, pageLoad: 300000, script: 30000}, unhandledPromptBehavior: dismiss and notify, webauthn:extension:credBlob: true, webauthn:extension:largeBlob: true, webauthn:virtualAuthenticators: true}
Session ID: 126511c1f84aeb33f29d476512ef1e8b
	at org.openqa.selenium.remote.codec.w3c.W3CHttpResponseCodec.createException(W3CHttpResponseCodec.java:200)
	at org.openqa.selenium.remote.codec.w3c.W3CHttpResponseCodec.decode(W3CHttpResponseCodec.java:133)
	at org.openqa.selenium.remote.codec.w3c.W3CHttpResponseCodec.decode(W3CHttpResponseCodec.java:53)
	at org.openqa.selenium.remote.HttpCommandExecutor.execute(HttpCommandExecutor.java:184)
	at org.openqa.selenium.remote.service.DriverCommandExecutor.invokeExecute(DriverCommandExecutor.java:167)
	at org.openqa.selenium.remote.service.DriverCommandExecutor.execute(DriverCommandExecutor.java:142)
	at org.openqa.selenium.remote.RemoteWebDriver.execute(RemoteWebDriver.java:535)
	at org.openqa.selenium.remote.ElementLocation$ElementFinder$2.findElement(ElementLocation.java:162)
	at org.openqa.selenium.remote.ElementLocation.findElement(ElementLocation.java:60)
	at org.openqa.selenium.remote.RemoteWebDriver.findElement(RemoteWebDriver.java:351)
	at org.openqa.selenium.remote.RemoteWebDriver.findElement(RemoteWebDriver.java:343)
	at org.openqa.selenium.support.pagefactory.DefaultElementLocator.findElement(DefaultElementLocator.java:70)
	at org.openqa.selenium.support.pagefactory.internal.LocatingElementHandler.invoke(LocatingElementHandler.java:39)
	at com.sun.proxy.$Proxy20.sendKeys(Unknown Source)
	at utilities.PageUtility.enterText(PageUtility.java:20)
	at pages.HomePage.clickOnDateCalenderAddEventIfAddedOrNot(HomePage.java:88)
	at com.obsqura.ServiceApp.HomePageTest.verifyAndClickOnDateCalenderAddEventIfAddedOrNot(HomePageTest.java:27)
... Removed 29 stack frames</div></td></tr></table><p class="totop"><a href="#summary">back to summary</a></p><h3 id="m3">com.obsqura.ServiceApp.HomePageTest#verifyAndClickOnDateCalenderEventAndDeleteIt</h3><table class="result"><tr><th>Exception</th></tr><tr><td><div class="stacktrace">org.openqa.selenium.ElementNotInteractableException: element not interactable
  (Session info: chrome=109.0.5414.75)
Build info: version: &apos;4.7.2&apos;, revision: &apos;4d4020c3b7&apos;
System info: os.name: &apos;Windows 10&apos;, os.arch: &apos;amd64&apos;, os.version: &apos;10.0&apos;, java.version: &apos;1.8.0_201&apos;
Driver info: org.openqa.selenium.chrome.ChromeDriver
Command: [bfeed86fe64d09d74391289108645f0a, clickElement {id=46424f2e-5f03-4a2c-8229-f5dacc9b0b0b}]
Capabilities {acceptInsecureCerts: false, browserName: chrome, browserVersion: 109.0.5414.75, chrome: {chromedriverVersion: 108.0.5359.71 (1e0e3868ee06..., userDataDir: C:\Users\admin\AppData\Loca...}, goog:chromeOptions: {debuggerAddress: localhost:63301}, networkConnectionEnabled: false, pageLoadStrategy: normal, platformName: WINDOWS, proxy: Proxy(), se:cdp: ws://localhost:63301/devtoo..., se:cdpVersion: 109.0.5414.75, setWindowRect: true, strictFileInteractability: false, timeouts: {implicit: 0, pageLoad: 300000, script: 30000}, unhandledPromptBehavior: dismiss and notify, webauthn:extension:credBlob: true, webauthn:extension:largeBlob: true, webauthn:virtualAuthenticators: true}
Element: [[ChromeDriver: chrome on WINDOWS (bfeed86fe64d09d74391289108645f0a)] -&gt; xpath: //button[@data-bb-handler=&apos;confirm&apos;]]
Session ID: bfeed86fe64d09d74391289108645f0a
	at org.openqa.selenium.remote.codec.w3c.W3CHttpResponseCodec.createException(W3CHttpResponseCodec.java:200)
	at org.openqa.selenium.remote.codec.w3c.W3CHttpResponseCodec.decode(W3CHttpResponseCodec.java:133)
	at org.openqa.selenium.remote.codec.w3c.W3CHttpResponseCodec.decode(W3CHttpResponseCodec.java:53)
	at org.openqa.selenium.remote.HttpCommandExecutor.execute(HttpCommandExecutor.java:184)
	at org.openqa.selenium.remote.service.DriverCommandExecutor.invokeExecute(DriverCommandExecutor.java:167)
	at org.openqa.selenium.remote.service.DriverCommandExecutor.execute(DriverCommandExecutor.java:142)
	at org.openqa.selenium.remote.RemoteWebDriver.execute(RemoteWebDriver.java:535)
	at org.openqa.selenium.remote.RemoteWebElement.execute(RemoteWebElement.java:257)
	at org.openqa.selenium.remote.RemoteWebElement.click(RemoteWebElement.java:78)
	at org.openqa.selenium.support.pagefactory.internal.LocatingElementHandler.invoke(LocatingElementHandler.java:52)
	at com.sun.proxy.$Proxy20.click(Unknown Source)
	at utilities.PageUtility.clickOnElement(PageUtility.java:12)
	at pages.HomePage.clickOnDateCalenderEventAndDeleteIt(HomePage.java:99)
	at com.obsqura.ServiceApp.HomePageTest.verifyAndClickOnDateCalenderEventAndDeleteIt(HomePageTest.java:34)
... Removed 32 stack frames</div></td></tr></table><p class="totop"><a href="#summary">back to summary</a></p><h3 id="m4">com.obsqura.ServiceApp.InventoryPageInfoTest#checkAndClickOnInventoryPdtTableElementAndInspectButtonColors</h3><table class="result"><tr><th>Exception</th></tr><tr><td><div class="stacktrace">org.openqa.selenium.StaleElementReferenceException: stale element reference: element is not attached to the page document
  (Session info: chrome=109.0.5414.75)
For documentation on this error, please visit: https://selenium.dev/exceptions/#stale_element_reference
Build info: version: &apos;4.7.2&apos;, revision: &apos;4d4020c3b7&apos;
System info: os.name: &apos;Windows 10&apos;, os.arch: &apos;amd64&apos;, os.version: &apos;10.0&apos;, java.version: &apos;1.8.0_201&apos;
Driver info: org.openqa.selenium.chrome.ChromeDriver
Command: [555451d8d0a5ecd96f35a91640485270, clickElement {id=b31fa694-847b-4e20-aab1-d36136de85a9}]
Capabilities {acceptInsecureCerts: false, browserName: chrome, browserVersion: 109.0.5414.75, chrome: {chromedriverVersion: 108.0.5359.71 (1e0e3868ee06..., userDataDir: C:\Users\admin\AppData\Loca...}, goog:chromeOptions: {debuggerAddress: localhost:64140}, networkConnectionEnabled: false, pageLoadStrategy: normal, platformName: WINDOWS, proxy: Proxy(), se:cdp: ws://localhost:64140/devtoo..., se:cdpVersion: 109.0.5414.75, setWindowRect: true, strictFileInteractability: false, timeouts: {implicit: 0, pageLoad: 300000, script: 30000}, unhandledPromptBehavior: dismiss and notify, webauthn:extension:credBlob: true, webauthn:extension:largeBlob: true, webauthn:virtualAuthenticators: true}
Element: [[ChromeDriver: chrome on WINDOWS (555451d8d0a5ecd96f35a91640485270)] -&gt; xpath: //table[@id=&apos;PRData&apos;]//tbody//child::tr]
Session ID: 555451d8d0a5ecd96f35a91640485270
	at org.openqa.selenium.remote.codec.w3c.W3CHttpResponseCodec.createException(W3CHttpResponseCodec.java:200)
	at org.openqa.selenium.remote.codec.w3c.W3CHttpResponseCodec.decode(W3CHttpResponseCodec.java:133)
	at org.openqa.selenium.remote.codec.w3c.W3CHttpResponseCodec.decode(W3CHttpResponseCodec.java:53)
	at org.openqa.selenium.remote.HttpCommandExecutor.execute(HttpCommandExecutor.java:184)
	at org.openqa.selenium.remote.service.DriverCommandExecutor.invokeExecute(DriverCommandExecutor.java:167)
	at org.openqa.selenium.remote.service.DriverCommandExecutor.execute(DriverCommandExecutor.java:142)
	at org.openqa.selenium.remote.RemoteWebDriver.execute(RemoteWebDriver.java:535)
	at org.openqa.selenium.remote.RemoteWebElement.execute(RemoteWebElement.java:257)
	at org.openqa.selenium.remote.RemoteWebElement.click(RemoteWebElement.java:78)
	at org.openqa.selenium.support.pagefactory.internal.LocatingElementHandler.invoke(LocatingElementHandler.java:52)
	at com.sun.proxy.$Proxy20.click(Unknown Source)
	at utilities.PageUtility.clickOnElement(PageUtility.java:12)
	at pages.InventoryPageInfo.clickOnInventoryPdtTableElementAndInspectButtonColors(InventoryPageInfo.java:86)
	at com.obsqura.ServiceApp.InventoryPageInfoTest.checkAndClickOnInventoryPdtTableElementAndInspectButtonColors(InventoryPageInfoTest.java:33)
... Removed 32 stack frames</div></td></tr></table><p class="totop"><a href="#summary">back to summary</a></p><h3 id="m5">com.obsqura.ServiceApp.InventoryPageInfoTest#checkColorOfVariousButtonsInPrintBarcodeOrLabel</h3><table class="result"><tr><th>Exception</th></tr><tr><td><div class="stacktrace">org.openqa.selenium.NoSuchElementException: no such element: Unable to locate element: {&quot;method&quot;:&quot;xpath&quot;,&quot;selector&quot;:&quot;//table[@id=&apos;PRData&apos;]//tbody//tr[1]//td[9]//button&quot;}
  (Session info: chrome=109.0.5414.75)
For documentation on this error, please visit: https://selenium.dev/exceptions/#no_such_element
Build info: version: &apos;4.7.2&apos;, revision: &apos;4d4020c3b7&apos;
System info: os.name: &apos;Windows 10&apos;, os.arch: &apos;amd64&apos;, os.version: &apos;10.0&apos;, java.version: &apos;1.8.0_201&apos;
Driver info: org.openqa.selenium.chrome.ChromeDriver
Command: [75339614303e37b1db5b83f19d741847, findElement {using=xpath, value=//table[@id=&apos;PRData&apos;]//tbody//tr[1]//td[9]//button}]
Capabilities {acceptInsecureCerts: false, browserName: chrome, browserVersion: 109.0.5414.75, chrome: {chromedriverVersion: 108.0.5359.71 (1e0e3868ee06..., userDataDir: C:\Users\admin\AppData\Loca...}, goog:chromeOptions: {debuggerAddress: localhost:64271}, networkConnectionEnabled: false, pageLoadStrategy: normal, platformName: WINDOWS, proxy: Proxy(), se:cdp: ws://localhost:64271/devtoo..., se:cdpVersion: 109.0.5414.75, setWindowRect: true, strictFileInteractability: false, timeouts: {implicit: 0, pageLoad: 300000, script: 30000}, unhandledPromptBehavior: dismiss and notify, webauthn:extension:credBlob: true, webauthn:extension:largeBlob: true, webauthn:virtualAuthenticators: true}
Session ID: 75339614303e37b1db5b83f19d741847
	at org.openqa.selenium.remote.codec.w3c.W3CHttpResponseCodec.createException(W3CHttpResponseCodec.java:200)
	at org.openqa.selenium.remote.codec.w3c.W3CHttpResponseCodec.decode(W3CHttpResponseCodec.java:133)
	at org.openqa.selenium.remote.codec.w3c.W3CHttpResponseCodec.decode(W3CHttpResponseCodec.java:53)
	at org.openqa.selenium.remote.HttpCommandExecutor.execute(HttpCommandExecutor.java:184)
	at org.openqa.selenium.remote.service.DriverCommandExecutor.invokeExecute(DriverCommandExecutor.java:167)
	at org.openqa.selenium.remote.service.DriverCommandExecutor.execute(DriverCommandExecutor.java:142)
	at org.openqa.selenium.remote.RemoteWebDriver.execute(RemoteWebDriver.java:535)
	at org.openqa.selenium.remote.ElementLocation$ElementFinder$2.findElement(ElementLocation.java:162)
	at org.openqa.selenium.remote.ElementLocation.findElement(ElementLocation.java:60)
	at org.openqa.selenium.remote.RemoteWebDriver.findElement(RemoteWebDriver.java:351)
	at org.openqa.selenium.remote.RemoteWebDriver.findElement(RemoteWebDriver.java:343)
	at org.openqa.selenium.support.pagefactory.DefaultElementLocator.findElement(DefaultElementLocator.java:70)
	at org.openqa.selenium.support.pagefactory.internal.LocatingElementHandler.invoke(LocatingElementHandler.java:39)
	at com.sun.proxy.$Proxy20.isSelected(Unknown Source)
	at pages.InventoryPageInfo.colorOfVariousButtonsInPrintBarcodeOrLabel(InventoryPageInfo.java:100)
	at com.obsqura.ServiceApp.InventoryPageInfoTest.checkColorOfVariousButtonsInPrintBarcodeOrLabel(InventoryPageInfoTest.java:40)
... Removed 29 stack frames</div></td></tr></table><p class="totop"><a href="#summary">back to summary</a></p><h3 id="m6">com.obsqura.ServiceApp.InventoryPageInfoTest#verifyAndClickOnPrintBarcodeOrLabelAndGetAlertDescription</h3><table class="result"><tr><th>Exception</th></tr><tr><td><div class="stacktrace">org.openqa.selenium.NoSuchElementException: no such element: Unable to locate element: {&quot;method&quot;:&quot;xpath&quot;,&quot;selector&quot;:&quot;//table[@id=&apos;PRData&apos;]//tbody//tr[1]//td[9]//button&quot;}
  (Session info: chrome=109.0.5414.75)
For documentation on this error, please visit: https://selenium.dev/exceptions/#no_such_element
Build info: version: &apos;4.7.2&apos;, revision: &apos;4d4020c3b7&apos;
System info: os.name: &apos;Windows 10&apos;, os.arch: &apos;amd64&apos;, os.version: &apos;10.0&apos;, java.version: &apos;1.8.0_201&apos;
Driver info: org.openqa.selenium.chrome.ChromeDriver
Command: [321ba11c5b463c251393a04700799ebc, findElement {using=xpath, value=//table[@id=&apos;PRData&apos;]//tbody//tr[1]//td[9]//button}]
Capabilities {acceptInsecureCerts: false, browserName: chrome, browserVersion: 109.0.5414.75, chrome: {chromedriverVersion: 108.0.5359.71 (1e0e3868ee06..., userDataDir: C:\Users\admin\AppData\Loca...}, goog:chromeOptions: {debuggerAddress: localhost:64420}, networkConnectionEnabled: false, pageLoadStrategy: normal, platformName: WINDOWS, proxy: Proxy(), se:cdp: ws://localhost:64420/devtoo..., se:cdpVersion: 109.0.5414.75, setWindowRect: true, strictFileInteractability: false, timeouts: {implicit: 0, pageLoad: 300000, script: 30000}, unhandledPromptBehavior: dismiss and notify, webauthn:extension:credBlob: true, webauthn:extension:largeBlob: true, webauthn:virtualAuthenticators: true}
Session ID: 321ba11c5b463c251393a04700799ebc
	at org.openqa.selenium.remote.codec.w3c.W3CHttpResponseCodec.createException(W3CHttpResponseCodec.java:200)
	at org.openqa.selenium.remote.codec.w3c.W3CHttpResponseCodec.decode(W3CHttpResponseCodec.java:133)
	at org.openqa.selenium.remote.codec.w3c.W3CHttpResponseCodec.decode(W3CHttpResponseCodec.java:53)
	at org.openqa.selenium.remote.HttpCommandExecutor.execute(HttpCommandExecutor.java:184)
	at org.openqa.selenium.remote.service.DriverCommandExecutor.invokeExecute(DriverCommandExecutor.java:167)
	at org.openqa.selenium.remote.service.DriverCommandExecutor.execute(DriverCommandExecutor.java:142)
	at org.openqa.selenium.remote.RemoteWebDriver.execute(RemoteWebDriver.java:535)
	at org.openqa.selenium.remote.ElementLocation$ElementFinder$2.findElement(ElementLocation.java:162)
	at org.openqa.selenium.remote.ElementLocation.findElement(ElementLocation.java:60)
	at org.openqa.selenium.remote.RemoteWebDriver.findElement(RemoteWebDriver.java:351)
	at org.openqa.selenium.remote.RemoteWebDriver.findElement(RemoteWebDriver.java:343)
	at org.openqa.selenium.support.pagefactory.DefaultElementLocator.findElement(DefaultElementLocator.java:70)
	at org.openqa.selenium.support.pagefactory.internal.LocatingElementHandler.invoke(LocatingElementHandler.java:39)
	at com.sun.proxy.$Proxy20.isSelected(Unknown Source)
	at pages.InventoryPageInfo.clickOnPrintBarcodeOrLabelAndCheckTableHeader(InventoryPageInfo.java:69)
	at com.obsqura.ServiceApp.InventoryPageInfoTest.verifyAndClickOnPrintBarcodeOrLabelAndGetAlertDescription(InventoryPageInfoTest.java:26)
... Removed 29 stack frames</div></td></tr></table><p class="totop"><a href="#summary">back to summary</a></p><h3 id="m7">com.obsqura.ServiceApp.ReparationWindowPageTest#verifyAndEnterMandatoryDetailsAddReparationReportGenerated</h3><table class="result"><tr class="param"><th>Parameter #1</th><th>Parameter #2</th><th>Parameter #3</th><th>Parameter #4</th><th>Parameter #5</th><th>Parameter #6</th></tr><tr class="param stripe"><td>2WR6J89</td><td>Oppo Reno</td><td>Screen break</td><td>14 PLUS PRO</td><td>B6R4W32P0</td><td>25</td></tr><tr><th colspan="6">Exception</th></tr><tr><td colspan="6"><div class="stacktrace">org.openqa.selenium.ElementNotInteractableException: element not interactable
  (Session info: chrome=109.0.5414.75)
Build info: version: &apos;4.7.2&apos;, revision: &apos;4d4020c3b7&apos;
System info: os.name: &apos;Windows 10&apos;, os.arch: &apos;amd64&apos;, os.version: &apos;10.0&apos;, java.version: &apos;1.8.0_201&apos;
Driver info: org.openqa.selenium.chrome.ChromeDriver
Command: [a1b9b85afe388b50effd7be9ffbb5be3, sendKeysToElement {id=bdf331be-90e3-4259-9d32-7c624a387e82, value=[Ljava.lang.CharSequence;@5ff29e8b}]
Capabilities {acceptInsecureCerts: false, browserName: chrome, browserVersion: 109.0.5414.75, chrome: {chromedriverVersion: 108.0.5359.71 (1e0e3868ee06..., userDataDir: C:\Users\admin\AppData\Loca...}, goog:chromeOptions: {debuggerAddress: localhost:65315}, networkConnectionEnabled: false, pageLoadStrategy: normal, platformName: WINDOWS, proxy: Proxy(), se:cdp: ws://localhost:65315/devtoo..., se:cdpVersion: 109.0.5414.75, setWindowRect: true, strictFileInteractability: false, timeouts: {implicit: 0, pageLoad: 300000, script: 30000}, unhandledPromptBehavior: dismiss and notify, webauthn:extension:credBlob: true, webauthn:extension:largeBlob: true, webauthn:virtualAuthenticators: true}
Element: [[ChromeDriver: chrome on WINDOWS (a1b9b85afe388b50effd7be9ffbb5be3)] -&gt; xpath: //input[@id=&apos;imei&apos;]]
Session ID: a1b9b85afe388b50effd7be9ffbb5be3
	at org.openqa.selenium.remote.codec.w3c.W3CHttpResponseCodec.createException(W3CHttpResponseCodec.java:200)
	at org.openqa.selenium.remote.codec.w3c.W3CHttpResponseCodec.decode(W3CHttpResponseCodec.java:133)
	at org.openqa.selenium.remote.codec.w3c.W3CHttpResponseCodec.decode(W3CHttpResponseCodec.java:53)
	at org.openqa.selenium.remote.HttpCommandExecutor.execute(HttpCommandExecutor.java:184)
	at org.openqa.selenium.remote.service.DriverCommandExecutor.invokeExecute(DriverCommandExecutor.java:167)
	at org.openqa.selenium.remote.service.DriverCommandExecutor.execute(DriverCommandExecutor.java:142)
	at org.openqa.selenium.remote.RemoteWebDriver.execute(RemoteWebDriver.java:535)
	at org.openqa.selenium.remote.RemoteWebElement.execute(RemoteWebElement.java:257)
	at org.openqa.selenium.remote.RemoteWebElement.sendKeys(RemoteWebElement.java:113)
	at org.openqa.selenium.support.pagefactory.internal.LocatingElementHandler.invoke(LocatingElementHandler.java:52)
	at com.sun.proxy.$Proxy20.sendKeys(Unknown Source)
	at utilities.PageUtility.enterText(PageUtility.java:20)
	at pages.ReparationWindowPage.enterMandatoryDetailsAddReparationReportGenerated(ReparationWindowPage.java:185)
	at com.obsqura.ServiceApp.ReparationWindowPageTest.verifyAndEnterMandatoryDetailsAddReparationReportGenerated(ReparationWindowPageTest.java:35)
... Removed 32 stack frames</div></td></tr></table><p class="totop"><a href="#summary">back to summary</a></p><h3 id="m8">com.obsqura.ServiceApp.ReparationWindowPageTest#verifyAndEnterSomeReparationDetailseAndAddReparation</h3><table class="result"><tr class="param"><th>Parameter #1</th><th>Parameter #2</th><th>Parameter #3</th><th>Parameter #4</th><th>Parameter #5</th><th>Parameter #6</th></tr><tr class="param stripe"><td>7YE5TR</td><td>Screen Scratch</td><td>Mobilecase</td><td>Screen break</td><td>B6R4W32P0</td><td>Cannot be fixed without adhesive tape</td></tr><tr><th colspan="6">Exception</th></tr><tr><td colspan="6"><div class="stacktrace">org.openqa.selenium.ElementNotInteractableException: element not interactable
  (Session info: chrome=109.0.5414.75)
Build info: version: &apos;4.7.2&apos;, revision: &apos;4d4020c3b7&apos;
System info: os.name: &apos;Windows 10&apos;, os.arch: &apos;amd64&apos;, os.version: &apos;10.0&apos;, java.version: &apos;1.8.0_201&apos;
Driver info: org.openqa.selenium.chrome.ChromeDriver
Command: [5c9ed7985d60fd12302cf9faae880c97, sendKeysToElement {id=c82581c8-3c68-4865-8772-e32a2dc9754b, value=[Ljava.lang.CharSequence;@46cb800b}]
Capabilities {acceptInsecureCerts: false, browserName: chrome, browserVersion: 109.0.5414.75, chrome: {chromedriverVersion: 108.0.5359.71 (1e0e3868ee06..., userDataDir: C:\Users\admin\AppData\Loca...}, goog:chromeOptions: {debuggerAddress: localhost:49702}, networkConnectionEnabled: false, pageLoadStrategy: normal, platformName: WINDOWS, proxy: Proxy(), se:cdp: ws://localhost:49702/devtoo..., se:cdpVersion: 109.0.5414.75, setWindowRect: true, strictFileInteractability: false, timeouts: {implicit: 0, pageLoad: 300000, script: 30000}, unhandledPromptBehavior: dismiss and notify, webauthn:extension:credBlob: true, webauthn:extension:largeBlob: true, webauthn:virtualAuthenticators: true}
Element: [[ChromeDriver: chrome on WINDOWS (5c9ed7985d60fd12302cf9faae880c97)] -&gt; xpath: //input[@id=&apos;imei&apos;]]
Session ID: 5c9ed7985d60fd12302cf9faae880c97
	at org.openqa.selenium.remote.codec.w3c.W3CHttpResponseCodec.createException(W3CHttpResponseCodec.java:200)
	at org.openqa.selenium.remote.codec.w3c.W3CHttpResponseCodec.decode(W3CHttpResponseCodec.java:133)
	at org.openqa.selenium.remote.codec.w3c.W3CHttpResponseCodec.decode(W3CHttpResponseCodec.java:53)
	at org.openqa.selenium.remote.HttpCommandExecutor.execute(HttpCommandExecutor.java:184)
	at org.openqa.selenium.remote.service.DriverCommandExecutor.invokeExecute(DriverCommandExecutor.java:167)
	at org.openqa.selenium.remote.service.DriverCommandExecutor.execute(DriverCommandExecutor.java:142)
	at org.openqa.selenium.remote.RemoteWebDriver.execute(RemoteWebDriver.java:535)
	at org.openqa.selenium.remote.RemoteWebElement.execute(RemoteWebElement.java:257)
	at org.openqa.selenium.remote.RemoteWebElement.sendKeys(RemoteWebElement.java:113)
	at org.openqa.selenium.support.pagefactory.internal.LocatingElementHandler.invoke(LocatingElementHandler.java:52)
	at com.sun.proxy.$Proxy20.sendKeys(Unknown Source)
	at utilities.PageUtility.enterText(PageUtility.java:20)
	at pages.ReparationWindowPage.enterSomeReparationDetailsAndAddReparation(ReparationWindowPage.java:147)
	at com.obsqura.ServiceApp.ReparationWindowPageTest.verifyAndEnterSomeReparationDetailseAndAddReparation(ReparationWindowPageTest.java:21)
... Removed 32 stack frames</div></td></tr></table><p class="totop"><a href="#summary">back to summary</a></p><h3 id="m9">com.obsqura.ServiceApp.ReparationWindowPageTest#verifyClickOnViewReparationInNewWindow</h3><table class="result"><tr><th>Exception</th></tr><tr><td><div class="stacktrace">org.openqa.selenium.TimeoutException: Expected condition failed: waiting for visibility of [[ChromeDriver: chrome on WINDOWS (01c77d6c7f31d0d36c0693f04cad1213)] -&gt; xpath: //a[@href=&apos;#view_reparation&apos;]] (tried for 50 second(s) with 500 milliseconds interval)
Build info: version: &apos;4.7.2&apos;, revision: &apos;4d4020c3b7&apos;
System info: os.name: &apos;Windows 10&apos;, os.arch: &apos;amd64&apos;, os.version: &apos;10.0&apos;, java.version: &apos;1.8.0_201&apos;
Driver info: org.openqa.selenium.chrome.ChromeDriver
Capabilities {acceptInsecureCerts: false, browserName: chrome, browserVersion: 109.0.5414.75, chrome: {chromedriverVersion: 108.0.5359.71 (1e0e3868ee06..., userDataDir: C:\Users\admin\AppData\Loca...}, goog:chromeOptions: {debuggerAddress: localhost:49422}, networkConnectionEnabled: false, pageLoadStrategy: normal, platformName: WINDOWS, proxy: Proxy(), se:cdp: ws://localhost:49422/devtoo..., se:cdpVersion: 109.0.5414.75, setWindowRect: true, strictFileInteractability: false, timeouts: {implicit: 0, pageLoad: 300000, script: 30000}, unhandledPromptBehavior: dismiss and notify, webauthn:extension:credBlob: true, webauthn:extension:largeBlob: true, webauthn:virtualAuthenticators: true}
Session ID: 01c77d6c7f31d0d36c0693f04cad1213
	at org.openqa.selenium.support.ui.WebDriverWait.timeoutException(WebDriverWait.java:87)
	at org.openqa.selenium.support.ui.FluentWait.until(FluentWait.java:231)
	at utilities.WaitUtility.waitForVisibilityOfWebelement(WaitUtility.java:131)
	at pages.ReparationWindowPage.clickOnViewReparationInNewWindow(ReparationWindowPage.java:215)
	at com.obsqura.ServiceApp.ReparationWindowPageTest.verifyClickOnViewReparationInNewWindow(ReparationWindowPageTest.java:42)
... Removed 25 stack frames</div></td></tr></table><p class="totop"><a href="#summary">back to summary</a></p><h3 id="m10">com.obsqura.ServiceApp.ClientMoreInfoPageTest#verifyClickOnViewClientInNewWindowAndModifyName</h3><table class="result"></table><p class="totop"><a href="#summary">back to summary</a></p><h3 id="m11">com.obsqura.ServiceApp.ClientWindowPageTest#verifycolorOfTheVariousButtonsOfAddClientForm</h3><table class="result"></table><p class="totop"><a href="#summary">back to summary</a></p><h3 id="m12">com.obsqura.ServiceApp.ClientWindowPageTest#verifyeEnterClientDetailsWithoutNameAndAddClient</h3><table class="result"><tr class="param"><th>Parameter #1</th><th>Parameter #2</th><th>Parameter #3</th><th>Parameter #4</th><th>Parameter #5</th><th>Parameter #6</th><th>Parameter #7</th><th>Parameter #8</th><th>Parameter #9</th><th>Parameter #10</th></tr><tr class="param stripe"><td>Lewbricks Solutions</td><td>Mumbai</td><td>Mayank Vihar, Dombivilli East, Bombay</td><td>Andheri</td><td>047239</td><td>6734209836</td><td>nakul89@rediffmail.com</td><td>CG87OP54</td><td>56YU98</td><td>Samsung yfold phone screen display</td></tr></table><p class="totop"><a href="#summary">back to summary</a></p><h3 id="m13">com.obsqura.ServiceApp.DropdownUserMenuTest#verifyUserSignOut</h3><table class="result"></table><p class="totop"><a href="#summary">back to summary</a></p><h3 id="m14">com.obsqura.ServiceApp.HomePageTest#checkEnterAnInvalidMailIdDetailsAndSend</h3><table class="result"><tr class="param"><th>Parameter #1</th><th>Parameter #2</th><th>Parameter #3</th></tr><tr class="param stripe"><td>ravisankar_gatgmailcom</td><td>Mobile Screenshot</td><td>Screenshot HD capture and quality</td></tr></table><p class="totop"><a href="#summary">back to summary</a></p><h3 id="m15">com.obsqura.ServiceApp.HomePageTest#verifyAndGetColorOfThreeContainerBoxes</h3><table class="result"></table><p class="totop"><a href="#summary">back to summary</a></p><h3 id="m16">com.obsqura.ServiceApp.HomePageTest#verifyEnterAnyTwoFieldsOfQuickEmailAndSend</h3><table class="result"><tr class="param"><th>Parameter #1</th><th>Parameter #2</th></tr><tr class="param stripe"><td>vimal_h@reddifmail.com</td><td>Mobile Screenshot Sharpening</td></tr></table><p class="totop"><a href="#summary">back to summary</a></p><h3 id="m17">com.obsqura.ServiceApp.InventoryPageInfoTest#verifyClickOnInventoryPdtMoreInfoAndFetchUrl</h3><table class="result"></table><p class="totop"><a href="#summary">back to summary</a></p><h3 id="m18">com.obsqura.ServiceApp.LoginPageTest#verifyClickForgotPassword</h3><table class="result"></table><p class="totop"><a href="#summary">back to summary</a></p><h3 id="m19">com.obsqura.ServiceApp.LoginPageTest#verifyClickRememberCheckBoxOnly</h3><table class="result"></table><p class="totop"><a href="#summary">back to summary</a></p><h3 id="m20">com.obsqura.ServiceApp.LoginPageTest#verifyEnterPasswordAndRememberCheckBoxOnly</h3><table class="result"></table><p class="totop"><a href="#summary">back to summary</a></p><h3 id="m21">com.obsqura.ServiceApp.LoginPageTest#verifyEnterUsernameAndPassword</h3><table class="result"></table><p class="totop"><a href="#summary">back to summary</a></p><h3 id="m22">com.obsqura.ServiceApp.LoginPageTest#verifyEnterUsernameAndRememberCheckBoxOnly</h3><table class="result"><tr class="param"><th>Parameter #1</th></tr><tr class="param stripe"><td>admin@admin.com</td></tr></table><p class="totop"><a href="#summary">back to summary</a></p><h3 id="m23">com.obsqura.ServiceApp.NotificationPageTest#checkClickNotificationAndNavigateToQuantityAlerts</h3><table class="result"></table><p class="totop"><a href="#summary">back to summary</a></p><h3 id="m24">com.obsqura.ServiceApp.NotificationPageTest#checkClickNotificationAndQuantityAlertTitle</h3><table class="result"></table><p class="totop"><a href="#summary">back to summary</a></p><h3 id="m25">com.obsqura.ServiceApp.ReparationWindowPageTest#checkClickOnMoreInfoAndExportPdfFile</h3><table class="result"></table><p class="totop"><a href="#summary">back to summary</a></p><h3 id="m26">com.obsqura.ServiceApp.ReparationWindowPageTest#verifyClickOnPrintBarcodeInNewWindowCheckHeader</h3><table class="result"></table><p class="totop"><a href="#summary">back to summary</a></p><h3 id="m27">com.obsqura.ServiceApp.ReparationWindowPageTest#verifyGetColorOfTheButtonsOfAddReparation</h3><table class="result"></table><p class="totop"><a href="#summary">back to summary</a></p><h3 id="m28">com.obsqura.ServiceApp.SendEmailWindowPageTest#verifySelectNameEnterMessageAndSend</h3><table class="result"></table><p class="totop"><a href="#summary">back to summary</a></p><h3 id="m29">com.obsqura.ServiceApp.SendSMSWindowPageTest#verifySelectNameEnterMessageAndSend</h3><table class="result"></table><p class="totop"><a href="#summary">back to summary</a></p></body></html>