<!DOCTYPE html>

<html>
  <head>
  <meta charset='utf-8'>
  <title>TestNG reports</title>

    <link type="text/css" href="testng-reports.css" rel="stylesheet" />
    <script type="text/javascript" src="jquery-1.7.1.min.js"></script>
    <script type="text/javascript" src="testng-reports.js"></script>
    <script type="text/javascript" src="https://www.google.com/jsapi"></script>
    <script type='text/javascript'>
      google.load('visualization', '1', {packages:['table']});
      google.setOnLoadCallback(drawTable);
      var suiteTableInitFunctions = new Array();
      var suiteTableData = new Array();
    </script>
    <!--
      <script type="text/javascript" src="jquery-ui/js/jquery-ui-1.8.16.custom.min.js"></script>
     -->
  </head>

  <body>
    <div class="top-banner-root">
      <span class="top-banner-title-font">Test results</span>
      <br/>
      <span class="top-banner-font-1">1 suite, 10 failed tests</span>
    </div> <!-- top-banner-root -->
    <div class="navigator-root">
      <div class="navigator-suite-header">
        <span>All suites</span>
        <a href="#" class="collapse-all-link" title="Collapse/expand all the suites">
          <img class="collapse-all-icon" src="collapseall.gif">
          </img> <!-- collapse-all-icon -->
        </a> <!-- collapse-all-link -->
      </div> <!-- navigator-suite-header -->
      <div class="suite">
        <div class="rounded-window">
          <div class="suite-header light-rounded-window-top">
            <a href="#" class="navigator-link" panel-name="suite-Suite">
              <span class="suite-name border-failed">Suite</span>
            </a> <!-- navigator-link -->
          </div> <!-- suite-header light-rounded-window-top -->
          <div class="navigator-suite-content">
            <div class="suite-section-title">
              <span>Info</span>
            </div> <!-- suite-section-title -->
            <div class="suite-section-content">
              <ul>
                <li>
                  <a href="#" class="navigator-link " panel-name="test-xml-Suite">
                    <span>C:\Users\admin\eclipse-workspace\ServiceApp\testng.xml</span>
                  </a> <!-- navigator-link  -->
                </li>
                <li>
                  <a href="#" class="navigator-link " panel-name="testlist-Suite">
                    <span class="test-stats">1 test</span>
                  </a> <!-- navigator-link  -->
                </li>
                <li>
                  <a href="#" class="navigator-link " panel-name="group-Suite">
                    <span>2 groups</span>
                  </a> <!-- navigator-link  -->
                </li>
                <li>
                  <a href="#" class="navigator-link " panel-name="times-Suite">
                    <span>Times</span>
                  </a> <!-- navigator-link  -->
                </li>
                <li>
                  <a href="#" class="navigator-link " panel-name="reporter-Suite">
                    <span>Reporter output</span>
                  </a> <!-- navigator-link  -->
                </li>
                <li>
                  <a href="#" class="navigator-link " panel-name="ignored-methods-Suite">
                    <span>Ignored methods</span>
                  </a> <!-- navigator-link  -->
                </li>
                <li>
                  <a href="#" class="navigator-link " panel-name="chronological-Suite">
                    <span>Chronological view</span>
                  </a> <!-- navigator-link  -->
                </li>
              </ul>
            </div> <!-- suite-section-content -->
            <div class="result-section">
              <div class="suite-section-title">
                <span>Results</span>
              </div> <!-- suite-section-title -->
              <div class="suite-section-content">
                <ul>
                  <li>
                    <span class="method-stats">30 methods, 10 failed,   20 passed</span>
                  </li>
                  <li>
                    <span class="method-list-title failed">Failed methods</span>
                    <span class="show-or-hide-methods failed">
                      <a href="#" panel-name="suite-Suite" class="hide-methods failed suite-Suite"> (hide)</a> <!-- hide-methods failed suite-Suite -->
                      <a href="#" panel-name="suite-Suite" class="show-methods failed suite-Suite"> (show)</a> <!-- show-methods failed suite-Suite -->
                    </span>
                    <div class="method-list-content failed suite-Suite">
                      <span>
                        <img width="3%" src="failed.png"/>
                        <a href="#" class="method navigator-link" panel-name="suite-Suite" title="com.obsqura.ServiceApp.InventoryPageInfoTest" hash-for-method="checkAndClickOnInventoryPdtTableElementAndInspectButtonColors">checkAndClickOnInventoryPdtTableElementAndInspectButtonColors</a> <!-- method navigator-link -->
                      </span>
                      <br/>
                      <span>
                        <img width="3%" src="failed.png"/>
                        <a href="#" class="method navigator-link" panel-name="suite-Suite" title="com.obsqura.ServiceApp.ClientMoreInfoPageTest" hash-for-method="checkClickOnExportToExcelFileAndDownloadIt">checkClickOnExportToExcelFileAndDownloadIt</a> <!-- method navigator-link -->
                      </span>
                      <br/>
                      <span>
                        <img width="3%" src="failed.png"/>
                        <a href="#" class="method navigator-link" panel-name="suite-Suite" title="com.obsqura.ServiceApp.InventoryPageInfoTest" hash-for-method="checkColorOfVariousButtonsInPrintBarcodeOrLabel">checkColorOfVariousButtonsInPrintBarcodeOrLabel</a> <!-- method navigator-link -->
                      </span>
                      <br/>
                      <span>
                        <img width="3%" src="failed.png"/>
                        <a href="#" class="method navigator-link" panel-name="suite-Suite" title="com.obsqura.ServiceApp.HomePageTest" hash-for-method="verifyAndClickOnDateCalenderAddEventIfAddedOrNot">verifyAndClickOnDateCalenderAddEventIfAddedOrNot</a> <!-- method navigator-link -->
                      </span>
                      <br/>
                      <span>
                        <img width="3%" src="failed.png"/>
                        <a href="#" class="method navigator-link" panel-name="suite-Suite" title="com.obsqura.ServiceApp.HomePageTest" hash-for-method="verifyAndClickOnDateCalenderEventAndDeleteIt">verifyAndClickOnDateCalenderEventAndDeleteIt</a> <!-- method navigator-link -->
                      </span>
                      <br/>
                      <span>
                        <img width="3%" src="failed.png"/>
                        <a href="#" class="method navigator-link" panel-name="suite-Suite" title="com.obsqura.ServiceApp.InventoryPageInfoTest" hash-for-method="verifyAndClickOnPrintBarcodeOrLabelAndGetAlertDescription">verifyAndClickOnPrintBarcodeOrLabelAndGetAlertDescription</a> <!-- method navigator-link -->
                      </span>
                      <br/>
                      <span>
                        <img width="3%" src="failed.png"/>
                        <a href="#" class="method navigator-link" panel-name="suite-Suite" title="com.obsqura.ServiceApp.ReparationWindowPageTest" hash-for-method="verifyAndEnterMandatoryDetailsAddReparationReportGenerated(2WR6J89, Oppo Reno, Screen break, 14 PLUS PRO, B6R4W32P0, 25)">verifyAndEnterMandatoryDetailsAddReparationReportGenerated(2WR6J89, Oppo Reno, Screen break, 14 PLUS PRO, B6R4W32P0, 25)</a> <!-- method navigator-link -->
                      </span>
                      <br/>
                      <span>
                        <img width="3%" src="failed.png"/>
                        <a href="#" class="method navigator-link" panel-name="suite-Suite" title="com.obsqura.ServiceApp.ReparationWindowPageTest" hash-for-method="verifyAndEnterSomeReparationDetailseAndAddReparation(7YE5TR, Screen Scratch, Mobilecase, Screen break, B6R4W32P0, Cannot be fixed without adhesive tape)">verifyAndEnterSomeReparationDetailseAndAddReparation(7YE5TR, Screen Scratch, Mobilecase, Screen break, B6R4W32P0, Cannot be fixed without adhesive tape)</a> <!-- method navigator-link -->
                      </span>
                      <br/>
                      <span>
                        <img width="3%" src="failed.png"/>
                        <a href="#" class="method navigator-link" panel-name="suite-Suite" title="com.obsqura.ServiceApp.ReparationWindowPageTest" hash-for-method="verifyClickOnViewReparationInNewWindow">verifyClickOnViewReparationInNewWindow</a> <!-- method navigator-link -->
                      </span>
                      <br/>
                      <span>
                        <img width="3%" src="failed.png"/>
                        <a href="#" class="method navigator-link" panel-name="suite-Suite" title="com.obsqura.ServiceApp.ClientWindowPageTest" hash-for-method="verifyEnterClientDetailsAndAddClient(Lewbricks Solutions, Mumbai, Mayank Vihar, Dombivilli East, Bombay, Andheri, 047239, 6734209836, nak...)">verifyEnterClientDetailsAndAddClient(Lewbricks Solutions, Mumbai, Mayank Vihar, Dombivilli East, Bombay, Andheri, 047239, 6734209836, nak...)</a> <!-- method navigator-link -->
                      </span>
                      <br/>
                    </div> <!-- method-list-content failed suite-Suite -->
                  </li>
                  <li>
                    <span class="method-list-title passed">Passed methods</span>
                    <span class="show-or-hide-methods passed">
                      <a href="#" panel-name="suite-Suite" class="hide-methods passed suite-Suite"> (hide)</a> <!-- hide-methods passed suite-Suite -->
                      <a href="#" panel-name="suite-Suite" class="show-methods passed suite-Suite"> (show)</a> <!-- show-methods passed suite-Suite -->
                    </span>
                    <div class="method-list-content passed suite-Suite">
                      <span>
                        <img width="3%" src="passed.png"/>
                        <a href="#" class="method navigator-link" panel-name="suite-Suite" title="com.obsqura.ServiceApp.NotificationPageTest" hash-for-method="checkClickNotificationAndNavigateToQuantityAlerts">checkClickNotificationAndNavigateToQuantityAlerts</a> <!-- method navigator-link -->
                      </span>
                      <br/>
                      <span>
                        <img width="3%" src="passed.png"/>
                        <a href="#" class="method navigator-link" panel-name="suite-Suite" title="com.obsqura.ServiceApp.NotificationPageTest" hash-for-method="checkClickNotificationAndQuantityAlertTitle">checkClickNotificationAndQuantityAlertTitle</a> <!-- method navigator-link -->
                      </span>
                      <br/>
                      <span>
                        <img width="3%" src="passed.png"/>
                        <a href="#" class="method navigator-link" panel-name="suite-Suite" title="com.obsqura.ServiceApp.ReparationWindowPageTest" hash-for-method="checkClickOnMoreInfoAndExportPdfFile">checkClickOnMoreInfoAndExportPdfFile</a> <!-- method navigator-link -->
                      </span>
                      <br/>
                      <span>
                        <img width="3%" src="passed.png"/>
                        <a href="#" class="method navigator-link" panel-name="suite-Suite" title="com.obsqura.ServiceApp.HomePageTest" hash-for-method="checkEnterAnInvalidMailIdDetailsAndSend(ravisankar_gatgmailcom, Mobile Screenshot, Screenshot HD capture and quality)">checkEnterAnInvalidMailIdDetailsAndSend(ravisankar_gatgmailcom, Mobile Screenshot, Screenshot HD capture and quality)</a> <!-- method navigator-link -->
                      </span>
                      <br/>
                      <span>
                        <img width="3%" src="passed.png"/>
                        <a href="#" class="method navigator-link" panel-name="suite-Suite" title="com.obsqura.ServiceApp.HomePageTest" hash-for-method="verifyAndGetColorOfThreeContainerBoxes">verifyAndGetColorOfThreeContainerBoxes</a> <!-- method navigator-link -->
                      </span>
                      <br/>
                      <span>
                        <img width="3%" src="passed.png"/>
                        <a href="#" class="method navigator-link" panel-name="suite-Suite" title="com.obsqura.ServiceApp.LoginPageTest" hash-for-method="verifyClickForgotPassword">verifyClickForgotPassword</a> <!-- method navigator-link -->
                      </span>
                      <br/>
                      <span>
                        <img width="3%" src="passed.png"/>
                        <a href="#" class="method navigator-link" panel-name="suite-Suite" title="com.obsqura.ServiceApp.InventoryPageInfoTest" hash-for-method="verifyClickOnInventoryPdtMoreInfoAndFetchUrl">verifyClickOnInventoryPdtMoreInfoAndFetchUrl</a> <!-- method navigator-link -->
                      </span>
                      <br/>
                      <span>
                        <img width="3%" src="passed.png"/>
                        <a href="#" class="method navigator-link" panel-name="suite-Suite" title="com.obsqura.ServiceApp.ReparationWindowPageTest" hash-for-method="verifyClickOnPrintBarcodeInNewWindowCheckHeader">verifyClickOnPrintBarcodeInNewWindowCheckHeader</a> <!-- method navigator-link -->
                      </span>
                      <br/>
                      <span>
                        <img width="3%" src="passed.png"/>
                        <a href="#" class="method navigator-link" panel-name="suite-Suite" title="com.obsqura.ServiceApp.ClientMoreInfoPageTest" hash-for-method="verifyClickOnViewClientInNewWindowAndModifyName">verifyClickOnViewClientInNewWindowAndModifyName</a> <!-- method navigator-link -->
                      </span>
                      <br/>
                      <span>
                        <img width="3%" src="passed.png"/>
                        <a href="#" class="method navigator-link" panel-name="suite-Suite" title="com.obsqura.ServiceApp.LoginPageTest" hash-for-method="verifyClickRememberCheckBoxOnly">verifyClickRememberCheckBoxOnly</a> <!-- method navigator-link -->
                      </span>
                      <br/>
                      <span>
                        <img width="3%" src="passed.png"/>
                        <a href="#" class="method navigator-link" panel-name="suite-Suite" title="com.obsqura.ServiceApp.HomePageTest" hash-for-method="verifyEnterAnyTwoFieldsOfQuickEmailAndSend(vimal_h@reddifmail.com, Mobile Screenshot Sharpening)">verifyEnterAnyTwoFieldsOfQuickEmailAndSend(vimal_h@reddifmail.com, Mobile Screenshot Sharpening)</a> <!-- method navigator-link -->
                      </span>
                      <br/>
                      <span>
                        <img width="3%" src="passed.png"/>
                        <a href="#" class="method navigator-link" panel-name="suite-Suite" title="com.obsqura.ServiceApp.LoginPageTest" hash-for-method="verifyEnterPasswordAndRememberCheckBoxOnly">verifyEnterPasswordAndRememberCheckBoxOnly</a> <!-- method navigator-link -->
                      </span>
                      <br/>
                      <span>
                        <img width="3%" src="passed.png"/>
                        <a href="#" class="method navigator-link" panel-name="suite-Suite" title="com.obsqura.ServiceApp.LoginPageTest" hash-for-method="verifyEnterUsernameAndPassword">verifyEnterUsernameAndPassword</a> <!-- method navigator-link -->
                      </span>
                      <br/>
                      <span>
                        <img width="3%" src="passed.png"/>
                        <a href="#" class="method navigator-link" panel-name="suite-Suite" title="com.obsqura.ServiceApp.LoginPageTest" hash-for-method="verifyEnterUsernameAndRememberCheckBoxOnly(admin@admin.com)">verifyEnterUsernameAndRememberCheckBoxOnly(admin@admin.com)</a> <!-- method navigator-link -->
                      </span>
                      <br/>
                      <span>
                        <img width="3%" src="passed.png"/>
                        <a href="#" class="method navigator-link" panel-name="suite-Suite" title="com.obsqura.ServiceApp.ReparationWindowPageTest" hash-for-method="verifyGetColorOfTheButtonsOfAddReparation">verifyGetColorOfTheButtonsOfAddReparation</a> <!-- method navigator-link -->
                      </span>
                      <br/>
                      <span>
                        <img width="3%" src="passed.png"/>
                        <a href="#" class="method navigator-link" panel-name="suite-Suite" title="com.obsqura.ServiceApp.SendSMSWindowPageTest" hash-for-method="verifySelectNameEnterMessageAndSend">verifySelectNameEnterMessageAndSend</a> <!-- method navigator-link -->
                      </span>
                      <br/>
                      <span>
                        <img width="3%" src="passed.png"/>
                        <a href="#" class="method navigator-link" panel-name="suite-Suite" title="com.obsqura.ServiceApp.SendEmailWindowPageTest" hash-for-method="verifySelectNameEnterMessageAndSend">verifySelectNameEnterMessageAndSend</a> <!-- method navigator-link -->
                      </span>
                      <br/>
                      <span>
                        <img width="3%" src="passed.png"/>
                        <a href="#" class="method navigator-link" panel-name="suite-Suite" title="com.obsqura.ServiceApp.DropdownUserMenuTest" hash-for-method="verifyUserSignOut">verifyUserSignOut</a> <!-- method navigator-link -->
                      </span>
                      <br/>
                      <span>
                        <img width="3%" src="passed.png"/>
                        <a href="#" class="method navigator-link" panel-name="suite-Suite" title="com.obsqura.ServiceApp.ClientWindowPageTest" hash-for-method="verifycolorOfTheVariousButtonsOfAddClientForm">verifycolorOfTheVariousButtonsOfAddClientForm</a> <!-- method navigator-link -->
                      </span>
                      <br/>
                      <span>
                        <img width="3%" src="passed.png"/>
                        <a href="#" class="method navigator-link" panel-name="suite-Suite" title="com.obsqura.ServiceApp.ClientWindowPageTest" hash-for-method="verifyeEnterClientDetailsWithoutNameAndAddClient(Lewbricks Solutions, Mumbai, Mayank Vihar, Dombivilli East, Bombay, Andheri, 047239, 6734209836, nak...)">verifyeEnterClientDetailsWithoutNameAndAddClient(Lewbricks Solutions, Mumbai, Mayank Vihar, Dombivilli East, Bombay, Andheri, 047239, 6734209836, nak...)</a> <!-- method navigator-link -->
                      </span>
                      <br/>
                    </div> <!-- method-list-content passed suite-Suite -->
                  </li>
                </ul>
              </div> <!-- suite-section-content -->
            </div> <!-- result-section -->
          </div> <!-- navigator-suite-content -->
        </div> <!-- rounded-window -->
      </div> <!-- suite -->
    </div> <!-- navigator-root -->
    <div class="wrapper">
      <div class="main-panel-root">
        <div panel-name="suite-Suite" class="panel Suite">
          <div class="suite-Suite-class-failed">
            <div class="main-panel-header rounded-window-top">
              <img src="failed.png"/>
              <span class="class-name">com.obsqura.ServiceApp.ClientWindowPageTest</span>
            </div> <!-- main-panel-header rounded-window-top -->
            <div class="main-panel-content rounded-window-bottom">
              <div class="method">
                <div class="method-content">
                  <a name="verifyEnterClientDetailsAndAddClient(Lewbricks Solutions, Mumbai, Mayank Vihar, Dombivilli East, Bombay, Andheri, 047239, 6734209836, nak...)">
                  </a> <!-- verifyEnterClientDetailsAndAddClient(Lewbricks Solutions, Mumbai, Mayank Vihar, Dombivilli East, Bombay, Andheri, 047239, 6734209836, nak...) -->
                  <span class="method-name">verifyEnterClientDetailsAndAddClient</span>
                  <span class="parameters">(Lewbricks Solutions, Mumbai, Mayank Vihar, Dombivilli East, Bombay, Andheri, 047239, 6734209836, nakul89@rediffmail.com, CG87OP54, 56YU98, Samsung yfold phone screen display)</span>
                  <div class="stack-trace">java.io.IOException: Cannot run program &quot;C:\\Users\\admin\\Desktop\\ServiceApp\\ScreengRepair.exe&quot;: CreateProcess error=2, The system cannot find the file specified
	at java.lang.ProcessBuilder.start(Unknown Source)
	at java.lang.Runtime.exec(Unknown Source)
	at java.lang.Runtime.exec(Unknown Source)
	at java.lang.Runtime.exec(Unknown Source)
	at pages.ClientWindowPage.enterClientDetailsAndAddClient(ClientWindowPage.java:142)
	at com.obsqura.ServiceApp.ClientWindowPageTest.verifyEnterClientDetailsAndAddClient(ClientWindowPageTest.java:21)
Caused by: java.io.IOException: CreateProcess error=2, The system cannot find the file specified
	at java.lang.ProcessImpl.create(Native Method)
	at java.lang.ProcessImpl.&lt;init&gt;(Unknown Source)
	at java.lang.ProcessImpl.start(Unknown Source)
	... 31 more
... Removed 25 stack frames
</div> <!-- stack-trace -->
                </div> <!-- method-content -->
              </div> <!-- method -->
            </div> <!-- main-panel-content rounded-window-bottom -->
          </div> <!-- suite-Suite-class-failed -->
          <div class="suite-Suite-class-failed">
            <div class="main-panel-header rounded-window-top">
              <img src="failed.png"/>
              <span class="class-name">com.obsqura.ServiceApp.InventoryPageInfoTest</span>
            </div> <!-- main-panel-header rounded-window-top -->
            <div class="main-panel-content rounded-window-bottom">
              <div class="method">
                <div class="method-content">
                  <a name="checkAndClickOnInventoryPdtTableElementAndInspectButtonColors">
                  </a> <!-- checkAndClickOnInventoryPdtTableElementAndInspectButtonColors -->
                  <span class="method-name">checkAndClickOnInventoryPdtTableElementAndInspectButtonColors</span>
                  <div class="stack-trace">org.openqa.selenium.StaleElementReferenceException: stale element reference: element is not attached to the page document
  (Session info: chrome=109.0.5414.75)
For documentation on this error, please visit: https://selenium.dev/exceptions/#stale_element_reference
Build info: version: &apos;4.7.2&apos;, revision: &apos;4d4020c3b7&apos;
System info: os.name: &apos;Windows 10&apos;, os.arch: &apos;amd64&apos;, os.version: &apos;10.0&apos;, java.version: &apos;1.8.0_201&apos;
Driver info: org.openqa.selenium.chrome.ChromeDriver
Command: [555451d8d0a5ecd96f35a91640485270, clickElement {id=b31fa694-847b-4e20-aab1-d36136de85a9}]
Capabilities {acceptInsecureCerts: false, browserName: chrome, browserVersion: 109.0.5414.75, chrome: {chromedriverVersion: 108.0.5359.71 (1e0e3868ee06..., userDataDir: C:\Users\admin\AppData\Loca...}, goog:chromeOptions: {debuggerAddress: localhost:64140}, networkConnectionEnabled: false, pageLoadStrategy: normal, platformName: WINDOWS, proxy: Proxy(), se:cdp: ws://localhost:64140/devtoo..., se:cdpVersion: 109.0.5414.75, setWindowRect: true, strictFileInteractability: false, timeouts: {implicit: 0, pageLoad: 300000, script: 30000}, unhandledPromptBehavior: dismiss and notify, webauthn:extension:credBlob: true, webauthn:extension:largeBlob: true, webauthn:virtualAuthenticators: true}
Element: [[ChromeDriver: chrome on WINDOWS (555451d8d0a5ecd96f35a91640485270)] -&gt; xpath: //table[@id=&apos;PRData&apos;]//tbody//child::tr]
Session ID: 555451d8d0a5ecd96f35a91640485270
	at org.openqa.selenium.remote.codec.w3c.W3CHttpResponseCodec.createException(W3CHttpResponseCodec.java:200)
	at org.openqa.selenium.remote.codec.w3c.W3CHttpResponseCodec.decode(W3CHttpResponseCodec.java:133)
	at org.openqa.selenium.remote.codec.w3c.W3CHttpResponseCodec.decode(W3CHttpResponseCodec.java:53)
	at org.openqa.selenium.remote.HttpCommandExecutor.execute(HttpCommandExecutor.java:184)
	at org.openqa.selenium.remote.service.DriverCommandExecutor.invokeExecute(DriverCommandExecutor.java:167)
	at org.openqa.selenium.remote.service.DriverCommandExecutor.execute(DriverCommandExecutor.java:142)
	at org.openqa.selenium.remote.RemoteWebDriver.execute(RemoteWebDriver.java:535)
	at org.openqa.selenium.remote.RemoteWebElement.execute(RemoteWebElement.java:257)
	at org.openqa.selenium.remote.RemoteWebElement.click(RemoteWebElement.java:78)
	at org.openqa.selenium.support.pagefactory.internal.LocatingElementHandler.invoke(LocatingElementHandler.java:52)
	at com.sun.proxy.$Proxy20.click(Unknown Source)
	at utilities.PageUtility.clickOnElement(PageUtility.java:12)
	at pages.InventoryPageInfo.clickOnInventoryPdtTableElementAndInspectButtonColors(InventoryPageInfo.java:86)
	at com.obsqura.ServiceApp.InventoryPageInfoTest.checkAndClickOnInventoryPdtTableElementAndInspectButtonColors(InventoryPageInfoTest.java:33)
... Removed 32 stack frames
</div> <!-- stack-trace -->
                </div> <!-- method-content -->
              </div> <!-- method -->
              <div class="method">
                <div class="method-content">
                  <a name="checkColorOfVariousButtonsInPrintBarcodeOrLabel">
                  </a> <!-- checkColorOfVariousButtonsInPrintBarcodeOrLabel -->
                  <span class="method-name">checkColorOfVariousButtonsInPrintBarcodeOrLabel</span>
                  <div class="stack-trace">org.openqa.selenium.NoSuchElementException: no such element: Unable to locate element: {&quot;method&quot;:&quot;xpath&quot;,&quot;selector&quot;:&quot;//table[@id=&apos;PRData&apos;]//tbody//tr[1]//td[9]//button&quot;}
  (Session info: chrome=109.0.5414.75)
For documentation on this error, please visit: https://selenium.dev/exceptions/#no_such_element
Build info: version: &apos;4.7.2&apos;, revision: &apos;4d4020c3b7&apos;
System info: os.name: &apos;Windows 10&apos;, os.arch: &apos;amd64&apos;, os.version: &apos;10.0&apos;, java.version: &apos;1.8.0_201&apos;
Driver info: org.openqa.selenium.chrome.ChromeDriver
Command: [75339614303e37b1db5b83f19d741847, findElement {using=xpath, value=//table[@id=&apos;PRData&apos;]//tbody//tr[1]//td[9]//button}]
Capabilities {acceptInsecureCerts: false, browserName: chrome, browserVersion: 109.0.5414.75, chrome: {chromedriverVersion: 108.0.5359.71 (1e0e3868ee06..., userDataDir: C:\Users\admin\AppData\Loca...}, goog:chromeOptions: {debuggerAddress: localhost:64271}, networkConnectionEnabled: false, pageLoadStrategy: normal, platformName: WINDOWS, proxy: Proxy(), se:cdp: ws://localhost:64271/devtoo..., se:cdpVersion: 109.0.5414.75, setWindowRect: true, strictFileInteractability: false, timeouts: {implicit: 0, pageLoad: 300000, script: 30000}, unhandledPromptBehavior: dismiss and notify, webauthn:extension:credBlob: true, webauthn:extension:largeBlob: true, webauthn:virtualAuthenticators: true}
Session ID: 75339614303e37b1db5b83f19d741847
	at org.openqa.selenium.remote.codec.w3c.W3CHttpResponseCodec.createException(W3CHttpResponseCodec.java:200)
	at org.openqa.selenium.remote.codec.w3c.W3CHttpResponseCodec.decode(W3CHttpResponseCodec.java:133)
	at org.openqa.selenium.remote.codec.w3c.W3CHttpResponseCodec.decode(W3CHttpResponseCodec.java:53)
	at org.openqa.selenium.remote.HttpCommandExecutor.execute(HttpCommandExecutor.java:184)
	at org.openqa.selenium.remote.service.DriverCommandExecutor.invokeExecute(DriverCommandExecutor.java:167)
	at org.openqa.selenium.remote.service.DriverCommandExecutor.execute(DriverCommandExecutor.java:142)
	at org.openqa.selenium.remote.RemoteWebDriver.execute(RemoteWebDriver.java:535)
	at org.openqa.selenium.remote.ElementLocation$ElementFinder$2.findElement(ElementLocation.java:162)
	at org.openqa.selenium.remote.ElementLocation.findElement(ElementLocation.java:60)
	at org.openqa.selenium.remote.RemoteWebDriver.findElement(RemoteWebDriver.java:351)
	at org.openqa.selenium.remote.RemoteWebDriver.findElement(RemoteWebDriver.java:343)
	at org.openqa.selenium.support.pagefactory.DefaultElementLocator.findElement(DefaultElementLocator.java:70)
	at org.openqa.selenium.support.pagefactory.internal.LocatingElementHandler.invoke(LocatingElementHandler.java:39)
	at com.sun.proxy.$Proxy20.isSelected(Unknown Source)
	at pages.InventoryPageInfo.colorOfVariousButtonsInPrintBarcodeOrLabel(InventoryPageInfo.java:100)
	at com.obsqura.ServiceApp.InventoryPageInfoTest.checkColorOfVariousButtonsInPrintBarcodeOrLabel(InventoryPageInfoTest.java:40)
... Removed 29 stack frames
</div> <!-- stack-trace -->
                </div> <!-- method-content -->
              </div> <!-- method -->
              <div class="method">
                <div class="method-content">
                  <a name="verifyAndClickOnPrintBarcodeOrLabelAndGetAlertDescription">
                  </a> <!-- verifyAndClickOnPrintBarcodeOrLabelAndGetAlertDescription -->
                  <span class="method-name">verifyAndClickOnPrintBarcodeOrLabelAndGetAlertDescription</span>
                  <div class="stack-trace">org.openqa.selenium.NoSuchElementException: no such element: Unable to locate element: {&quot;method&quot;:&quot;xpath&quot;,&quot;selector&quot;:&quot;//table[@id=&apos;PRData&apos;]//tbody//tr[1]//td[9]//button&quot;}
  (Session info: chrome=109.0.5414.75)
For documentation on this error, please visit: https://selenium.dev/exceptions/#no_such_element
Build info: version: &apos;4.7.2&apos;, revision: &apos;4d4020c3b7&apos;
System info: os.name: &apos;Windows 10&apos;, os.arch: &apos;amd64&apos;, os.version: &apos;10.0&apos;, java.version: &apos;1.8.0_201&apos;
Driver info: org.openqa.selenium.chrome.ChromeDriver
Command: [321ba11c5b463c251393a04700799ebc, findElement {using=xpath, value=//table[@id=&apos;PRData&apos;]//tbody//tr[1]//td[9]//button}]
Capabilities {acceptInsecureCerts: false, browserName: chrome, browserVersion: 109.0.5414.75, chrome: {chromedriverVersion: 108.0.5359.71 (1e0e3868ee06..., userDataDir: C:\Users\admin\AppData\Loca...}, goog:chromeOptions: {debuggerAddress: localhost:64420}, networkConnectionEnabled: false, pageLoadStrategy: normal, platformName: WINDOWS, proxy: Proxy(), se:cdp: ws://localhost:64420/devtoo..., se:cdpVersion: 109.0.5414.75, setWindowRect: true, strictFileInteractability: false, timeouts: {implicit: 0, pageLoad: 300000, script: 30000}, unhandledPromptBehavior: dismiss and notify, webauthn:extension:credBlob: true, webauthn:extension:largeBlob: true, webauthn:virtualAuthenticators: true}
Session ID: 321ba11c5b463c251393a04700799ebc
	at org.openqa.selenium.remote.codec.w3c.W3CHttpResponseCodec.createException(W3CHttpResponseCodec.java:200)
	at org.openqa.selenium.remote.codec.w3c.W3CHttpResponseCodec.decode(W3CHttpResponseCodec.java:133)
	at org.openqa.selenium.remote.codec.w3c.W3CHttpResponseCodec.decode(W3CHttpResponseCodec.java:53)
	at org.openqa.selenium.remote.HttpCommandExecutor.execute(HttpCommandExecutor.java:184)
	at org.openqa.selenium.remote.service.DriverCommandExecutor.invokeExecute(DriverCommandExecutor.java:167)
	at org.openqa.selenium.remote.service.DriverCommandExecutor.execute(DriverCommandExecutor.java:142)
	at org.openqa.selenium.remote.RemoteWebDriver.execute(RemoteWebDriver.java:535)
	at org.openqa.selenium.remote.ElementLocation$ElementFinder$2.findElement(ElementLocation.java:162)
	at org.openqa.selenium.remote.ElementLocation.findElement(ElementLocation.java:60)
	at org.openqa.selenium.remote.RemoteWebDriver.findElement(RemoteWebDriver.java:351)
	at org.openqa.selenium.remote.RemoteWebDriver.findElement(RemoteWebDriver.java:343)
	at org.openqa.selenium.support.pagefactory.DefaultElementLocator.findElement(DefaultElementLocator.java:70)
	at org.openqa.selenium.support.pagefactory.internal.LocatingElementHandler.invoke(LocatingElementHandler.java:39)
	at com.sun.proxy.$Proxy20.isSelected(Unknown Source)
	at pages.InventoryPageInfo.clickOnPrintBarcodeOrLabelAndCheckTableHeader(InventoryPageInfo.java:69)
	at com.obsqura.ServiceApp.InventoryPageInfoTest.verifyAndClickOnPrintBarcodeOrLabelAndGetAlertDescription(InventoryPageInfoTest.java:26)
... Removed 29 stack frames
</div> <!-- stack-trace -->
                </div> <!-- method-content -->
              </div> <!-- method -->
            </div> <!-- main-panel-content rounded-window-bottom -->
          </div> <!-- suite-Suite-class-failed -->
          <div class="suite-Suite-class-failed">
            <div class="main-panel-header rounded-window-top">
              <img src="failed.png"/>
              <span class="class-name">com.obsqura.ServiceApp.ReparationWindowPageTest</span>
            </div> <!-- main-panel-header rounded-window-top -->
            <div class="main-panel-content rounded-window-bottom">
              <div class="method">
                <div class="method-content">
                  <a name="verifyAndEnterMandatoryDetailsAddReparationReportGenerated(2WR6J89, Oppo Reno, Screen break, 14 PLUS PRO, B6R4W32P0, 25)">
                  </a> <!-- verifyAndEnterMandatoryDetailsAddReparationReportGenerated(2WR6J89, Oppo Reno, Screen break, 14 PLUS PRO, B6R4W32P0, 25) -->
                  <span class="method-name">verifyAndEnterMandatoryDetailsAddReparationReportGenerated</span>
                  <span class="parameters">(2WR6J89, Oppo Reno, Screen break, 14 PLUS PRO, B6R4W32P0, 25)</span>
                  <div class="stack-trace">org.openqa.selenium.ElementNotInteractableException: element not interactable
  (Session info: chrome=109.0.5414.75)
Build info: version: &apos;4.7.2&apos;, revision: &apos;4d4020c3b7&apos;
System info: os.name: &apos;Windows 10&apos;, os.arch: &apos;amd64&apos;, os.version: &apos;10.0&apos;, java.version: &apos;1.8.0_201&apos;
Driver info: org.openqa.selenium.chrome.ChromeDriver
Command: [a1b9b85afe388b50effd7be9ffbb5be3, sendKeysToElement {id=bdf331be-90e3-4259-9d32-7c624a387e82, value=[Ljava.lang.CharSequence;@5ff29e8b}]
Capabilities {acceptInsecureCerts: false, browserName: chrome, browserVersion: 109.0.5414.75, chrome: {chromedriverVersion: 108.0.5359.71 (1e0e3868ee06..., userDataDir: C:\Users\admin\AppData\Loca...}, goog:chromeOptions: {debuggerAddress: localhost:65315}, networkConnectionEnabled: false, pageLoadStrategy: normal, platformName: WINDOWS, proxy: Proxy(), se:cdp: ws://localhost:65315/devtoo..., se:cdpVersion: 109.0.5414.75, setWindowRect: true, strictFileInteractability: false, timeouts: {implicit: 0, pageLoad: 300000, script: 30000}, unhandledPromptBehavior: dismiss and notify, webauthn:extension:credBlob: true, webauthn:extension:largeBlob: true, webauthn:virtualAuthenticators: true}
Element: [[ChromeDriver: chrome on WINDOWS (a1b9b85afe388b50effd7be9ffbb5be3)] -&gt; xpath: //input[@id=&apos;imei&apos;]]
Session ID: a1b9b85afe388b50effd7be9ffbb5be3
	at org.openqa.selenium.remote.codec.w3c.W3CHttpResponseCodec.createException(W3CHttpResponseCodec.java:200)
	at org.openqa.selenium.remote.codec.w3c.W3CHttpResponseCodec.decode(W3CHttpResponseCodec.java:133)
	at org.openqa.selenium.remote.codec.w3c.W3CHttpResponseCodec.decode(W3CHttpResponseCodec.java:53)
	at org.openqa.selenium.remote.HttpCommandExecutor.execute(HttpCommandExecutor.java:184)
	at org.openqa.selenium.remote.service.DriverCommandExecutor.invokeExecute(DriverCommandExecutor.java:167)
	at org.openqa.selenium.remote.service.DriverCommandExecutor.execute(DriverCommandExecutor.java:142)
	at org.openqa.selenium.remote.RemoteWebDriver.execute(RemoteWebDriver.java:535)
	at org.openqa.selenium.remote.RemoteWebElement.execute(RemoteWebElement.java:257)
	at org.openqa.selenium.remote.RemoteWebElement.sendKeys(RemoteWebElement.java:113)
	at org.openqa.selenium.support.pagefactory.internal.LocatingElementHandler.invoke(LocatingElementHandler.java:52)
	at com.sun.proxy.$Proxy20.sendKeys(Unknown Source)
	at utilities.PageUtility.enterText(PageUtility.java:20)
	at pages.ReparationWindowPage.enterMandatoryDetailsAddReparationReportGenerated(ReparationWindowPage.java:185)
	at com.obsqura.ServiceApp.ReparationWindowPageTest.verifyAndEnterMandatoryDetailsAddReparationReportGenerated(ReparationWindowPageTest.java:35)
... Removed 32 stack frames
</div> <!-- stack-trace -->
                </div> <!-- method-content -->
              </div> <!-- method -->
              <div class="method">
                <div class="method-content">
                  <a name="verifyAndEnterSomeReparationDetailseAndAddReparation(7YE5TR, Screen Scratch, Mobilecase, Screen break, B6R4W32P0, Cannot be fixed without adhesive tape)">
                  </a> <!-- verifyAndEnterSomeReparationDetailseAndAddReparation(7YE5TR, Screen Scratch, Mobilecase, Screen break, B6R4W32P0, Cannot be fixed without adhesive tape) -->
                  <span class="method-name">verifyAndEnterSomeReparationDetailseAndAddReparation</span>
                  <span class="parameters">(7YE5TR, Screen Scratch, Mobilecase, Screen break, B6R4W32P0, Cannot be fixed without adhesive tape)</span>
                  <div class="stack-trace">org.openqa.selenium.ElementNotInteractableException: element not interactable
  (Session info: chrome=109.0.5414.75)
Build info: version: &apos;4.7.2&apos;, revision: &apos;4d4020c3b7&apos;
System info: os.name: &apos;Windows 10&apos;, os.arch: &apos;amd64&apos;, os.version: &apos;10.0&apos;, java.version: &apos;1.8.0_201&apos;
Driver info: org.openqa.selenium.chrome.ChromeDriver
Command: [5c9ed7985d60fd12302cf9faae880c97, sendKeysToElement {id=c82581c8-3c68-4865-8772-e32a2dc9754b, value=[Ljava.lang.CharSequence;@46cb800b}]
Capabilities {acceptInsecureCerts: false, browserName: chrome, browserVersion: 109.0.5414.75, chrome: {chromedriverVersion: 108.0.5359.71 (1e0e3868ee06..., userDataDir: C:\Users\admin\AppData\Loca...}, goog:chromeOptions: {debuggerAddress: localhost:49702}, networkConnectionEnabled: false, pageLoadStrategy: normal, platformName: WINDOWS, proxy: Proxy(), se:cdp: ws://localhost:49702/devtoo..., se:cdpVersion: 109.0.5414.75, setWindowRect: true, strictFileInteractability: false, timeouts: {implicit: 0, pageLoad: 300000, script: 30000}, unhandledPromptBehavior: dismiss and notify, webauthn:extension:credBlob: true, webauthn:extension:largeBlob: true, webauthn:virtualAuthenticators: true}
Element: [[ChromeDriver: chrome on WINDOWS (5c9ed7985d60fd12302cf9faae880c97)] -&gt; xpath: //input[@id=&apos;imei&apos;]]
Session ID: 5c9ed7985d60fd12302cf9faae880c97
	at org.openqa.selenium.remote.codec.w3c.W3CHttpResponseCodec.createException(W3CHttpResponseCodec.java:200)
	at org.openqa.selenium.remote.codec.w3c.W3CHttpResponseCodec.decode(W3CHttpResponseCodec.java:133)
	at org.openqa.selenium.remote.codec.w3c.W3CHttpResponseCodec.decode(W3CHttpResponseCodec.java:53)
	at org.openqa.selenium.remote.HttpCommandExecutor.execute(HttpCommandExecutor.java:184)
	at org.openqa.selenium.remote.service.DriverCommandExecutor.invokeExecute(DriverCommandExecutor.java:167)
	at org.openqa.selenium.remote.service.DriverCommandExecutor.execute(DriverCommandExecutor.java:142)
	at org.openqa.selenium.remote.RemoteWebDriver.execute(RemoteWebDriver.java:535)
	at org.openqa.selenium.remote.RemoteWebElement.execute(RemoteWebElement.java:257)
	at org.openqa.selenium.remote.RemoteWebElement.sendKeys(RemoteWebElement.java:113)
	at org.openqa.selenium.support.pagefactory.internal.LocatingElementHandler.invoke(LocatingElementHandler.java:52)
	at com.sun.proxy.$Proxy20.sendKeys(Unknown Source)
	at utilities.PageUtility.enterText(PageUtility.java:20)
	at pages.ReparationWindowPage.enterSomeReparationDetailsAndAddReparation(ReparationWindowPage.java:147)
	at com.obsqura.ServiceApp.ReparationWindowPageTest.verifyAndEnterSomeReparationDetailseAndAddReparation(ReparationWindowPageTest.java:21)
... Removed 32 stack frames
</div> <!-- stack-trace -->
                </div> <!-- method-content -->
              </div> <!-- method -->
              <div class="method">
                <div class="method-content">
                  <a name="verifyClickOnViewReparationInNewWindow">
                  </a> <!-- verifyClickOnViewReparationInNewWindow -->
                  <span class="method-name">verifyClickOnViewReparationInNewWindow</span>
                  <div class="stack-trace">org.openqa.selenium.TimeoutException: Expected condition failed: waiting for visibility of [[ChromeDriver: chrome on WINDOWS (01c77d6c7f31d0d36c0693f04cad1213)] -&gt; xpath: //a[@href=&apos;#view_reparation&apos;]] (tried for 50 second(s) with 500 milliseconds interval)
Build info: version: &apos;4.7.2&apos;, revision: &apos;4d4020c3b7&apos;
System info: os.name: &apos;Windows 10&apos;, os.arch: &apos;amd64&apos;, os.version: &apos;10.0&apos;, java.version: &apos;1.8.0_201&apos;
Driver info: org.openqa.selenium.chrome.ChromeDriver
Capabilities {acceptInsecureCerts: false, browserName: chrome, browserVersion: 109.0.5414.75, chrome: {chromedriverVersion: 108.0.5359.71 (1e0e3868ee06..., userDataDir: C:\Users\admin\AppData\Loca...}, goog:chromeOptions: {debuggerAddress: localhost:49422}, networkConnectionEnabled: false, pageLoadStrategy: normal, platformName: WINDOWS, proxy: Proxy(), se:cdp: ws://localhost:49422/devtoo..., se:cdpVersion: 109.0.5414.75, setWindowRect: true, strictFileInteractability: false, timeouts: {implicit: 0, pageLoad: 300000, script: 30000}, unhandledPromptBehavior: dismiss and notify, webauthn:extension:credBlob: true, webauthn:extension:largeBlob: true, webauthn:virtualAuthenticators: true}
Session ID: 01c77d6c7f31d0d36c0693f04cad1213
	at org.openqa.selenium.support.ui.WebDriverWait.timeoutException(WebDriverWait.java:87)
	at org.openqa.selenium.support.ui.FluentWait.until(FluentWait.java:231)
	at utilities.WaitUtility.waitForVisibilityOfWebelement(WaitUtility.java:131)
	at pages.ReparationWindowPage.clickOnViewReparationInNewWindow(ReparationWindowPage.java:215)
	at com.obsqura.ServiceApp.ReparationWindowPageTest.verifyClickOnViewReparationInNewWindow(ReparationWindowPageTest.java:42)
... Removed 25 stack frames
</div> <!-- stack-trace -->
                </div> <!-- method-content -->
              </div> <!-- method -->
            </div> <!-- main-panel-content rounded-window-bottom -->
          </div> <!-- suite-Suite-class-failed -->
          <div class="suite-Suite-class-failed">
            <div class="main-panel-header rounded-window-top">
              <img src="failed.png"/>
              <span class="class-name">com.obsqura.ServiceApp.HomePageTest</span>
            </div> <!-- main-panel-header rounded-window-top -->
            <div class="main-panel-content rounded-window-bottom">
              <div class="method">
                <div class="method-content">
                  <a name="verifyAndClickOnDateCalenderAddEventIfAddedOrNot">
                  </a> <!-- verifyAndClickOnDateCalenderAddEventIfAddedOrNot -->
                  <span class="method-name">verifyAndClickOnDateCalenderAddEventIfAddedOrNot</span>
                  <div class="stack-trace">org.openqa.selenium.NoSuchElementException: no such element: Unable to locate element: {&quot;method&quot;:&quot;xpath&quot;,&quot;selector&quot;:&quot;//div[@class=&apos;modal-content&apos;]//child::input[@class=&apos;bootbox-input bootbox-input-text form-control&apos;]&quot;}
  (Session info: chrome=109.0.5414.75)
For documentation on this error, please visit: https://selenium.dev/exceptions/#no_such_element
Build info: version: &apos;4.7.2&apos;, revision: &apos;4d4020c3b7&apos;
System info: os.name: &apos;Windows 10&apos;, os.arch: &apos;amd64&apos;, os.version: &apos;10.0&apos;, java.version: &apos;1.8.0_201&apos;
Driver info: org.openqa.selenium.chrome.ChromeDriver
Command: [126511c1f84aeb33f29d476512ef1e8b, findElement {using=xpath, value=//div[@class=&apos;modal-content&apos;]//child::input[@class=&apos;bootbox-input bootbox-input-text form-control&apos;]}]
Capabilities {acceptInsecureCerts: false, browserName: chrome, browserVersion: 109.0.5414.75, chrome: {chromedriverVersion: 108.0.5359.71 (1e0e3868ee06..., userDataDir: C:\Users\admin\AppData\Loca...}, goog:chromeOptions: {debuggerAddress: localhost:63211}, networkConnectionEnabled: false, pageLoadStrategy: normal, platformName: WINDOWS, proxy: Proxy(), se:cdp: ws://localhost:63211/devtoo..., se:cdpVersion: 109.0.5414.75, setWindowRect: true, strictFileInteractability: false, timeouts: {implicit: 0, pageLoad: 300000, script: 30000}, unhandledPromptBehavior: dismiss and notify, webauthn:extension:credBlob: true, webauthn:extension:largeBlob: true, webauthn:virtualAuthenticators: true}
Session ID: 126511c1f84aeb33f29d476512ef1e8b
	at org.openqa.selenium.remote.codec.w3c.W3CHttpResponseCodec.createException(W3CHttpResponseCodec.java:200)
	at org.openqa.selenium.remote.codec.w3c.W3CHttpResponseCodec.decode(W3CHttpResponseCodec.java:133)
	at org.openqa.selenium.remote.codec.w3c.W3CHttpResponseCodec.decode(W3CHttpResponseCodec.java:53)
	at org.openqa.selenium.remote.HttpCommandExecutor.execute(HttpCommandExecutor.java:184)
	at org.openqa.selenium.remote.service.DriverCommandExecutor.invokeExecute(DriverCommandExecutor.java:167)
	at org.openqa.selenium.remote.service.DriverCommandExecutor.execute(DriverCommandExecutor.java:142)
	at org.openqa.selenium.remote.RemoteWebDriver.execute(RemoteWebDriver.java:535)
	at org.openqa.selenium.remote.ElementLocation$ElementFinder$2.findElement(ElementLocation.java:162)
	at org.openqa.selenium.remote.ElementLocation.findElement(ElementLocation.java:60)
	at org.openqa.selenium.remote.RemoteWebDriver.findElement(RemoteWebDriver.java:351)
	at org.openqa.selenium.remote.RemoteWebDriver.findElement(RemoteWebDriver.java:343)
	at org.openqa.selenium.support.pagefactory.DefaultElementLocator.findElement(DefaultElementLocator.java:70)
	at org.openqa.selenium.support.pagefactory.internal.LocatingElementHandler.invoke(LocatingElementHandler.java:39)
	at com.sun.proxy.$Proxy20.sendKeys(Unknown Source)
	at utilities.PageUtility.enterText(PageUtility.java:20)
	at pages.HomePage.clickOnDateCalenderAddEventIfAddedOrNot(HomePage.java:88)
	at com.obsqura.ServiceApp.HomePageTest.verifyAndClickOnDateCalenderAddEventIfAddedOrNot(HomePageTest.java:27)
... Removed 29 stack frames
</div> <!-- stack-trace -->
                </div> <!-- method-content -->
              </div> <!-- method -->
              <div class="method">
                <div class="method-content">
                  <a name="verifyAndClickOnDateCalenderEventAndDeleteIt">
                  </a> <!-- verifyAndClickOnDateCalenderEventAndDeleteIt -->
                  <span class="method-name">verifyAndClickOnDateCalenderEventAndDeleteIt</span>
                  <div class="stack-trace">org.openqa.selenium.ElementNotInteractableException: element not interactable
  (Session info: chrome=109.0.5414.75)
Build info: version: &apos;4.7.2&apos;, revision: &apos;4d4020c3b7&apos;
System info: os.name: &apos;Windows 10&apos;, os.arch: &apos;amd64&apos;, os.version: &apos;10.0&apos;, java.version: &apos;1.8.0_201&apos;
Driver info: org.openqa.selenium.chrome.ChromeDriver
Command: [bfeed86fe64d09d74391289108645f0a, clickElement {id=46424f2e-5f03-4a2c-8229-f5dacc9b0b0b}]
Capabilities {acceptInsecureCerts: false, browserName: chrome, browserVersion: 109.0.5414.75, chrome: {chromedriverVersion: 108.0.5359.71 (1e0e3868ee06..., userDataDir: C:\Users\admin\AppData\Loca...}, goog:chromeOptions: {debuggerAddress: localhost:63301}, networkConnectionEnabled: false, pageLoadStrategy: normal, platformName: WINDOWS, proxy: Proxy(), se:cdp: ws://localhost:63301/devtoo..., se:cdpVersion: 109.0.5414.75, setWindowRect: true, strictFileInteractability: false, timeouts: {implicit: 0, pageLoad: 300000, script: 30000}, unhandledPromptBehavior: dismiss and notify, webauthn:extension:credBlob: true, webauthn:extension:largeBlob: true, webauthn:virtualAuthenticators: true}
Element: [[ChromeDriver: chrome on WINDOWS (bfeed86fe64d09d74391289108645f0a)] -&gt; xpath: //button[@data-bb-handler=&apos;confirm&apos;]]
Session ID: bfeed86fe64d09d74391289108645f0a
	at org.openqa.selenium.remote.codec.w3c.W3CHttpResponseCodec.createException(W3CHttpResponseCodec.java:200)
	at org.openqa.selenium.remote.codec.w3c.W3CHttpResponseCodec.decode(W3CHttpResponseCodec.java:133)
	at org.openqa.selenium.remote.codec.w3c.W3CHttpResponseCodec.decode(W3CHttpResponseCodec.java:53)
	at org.openqa.selenium.remote.HttpCommandExecutor.execute(HttpCommandExecutor.java:184)
	at org.openqa.selenium.remote.service.DriverCommandExecutor.invokeExecute(DriverCommandExecutor.java:167)
	at org.openqa.selenium.remote.service.DriverCommandExecutor.execute(DriverCommandExecutor.java:142)
	at org.openqa.selenium.remote.RemoteWebDriver.execute(RemoteWebDriver.java:535)
	at org.openqa.selenium.remote.RemoteWebElement.execute(RemoteWebElement.java:257)
	at org.openqa.selenium.remote.RemoteWebElement.click(RemoteWebElement.java:78)
	at org.openqa.selenium.support.pagefactory.internal.LocatingElementHandler.invoke(LocatingElementHandler.java:52)
	at com.sun.proxy.$Proxy20.click(Unknown Source)
	at utilities.PageUtility.clickOnElement(PageUtility.java:12)
	at pages.HomePage.clickOnDateCalenderEventAndDeleteIt(HomePage.java:99)
	at com.obsqura.ServiceApp.HomePageTest.verifyAndClickOnDateCalenderEventAndDeleteIt(HomePageTest.java:34)
... Removed 32 stack frames
</div> <!-- stack-trace -->
                </div> <!-- method-content -->
              </div> <!-- method -->
            </div> <!-- main-panel-content rounded-window-bottom -->
          </div> <!-- suite-Suite-class-failed -->
          <div class="suite-Suite-class-failed">
            <div class="main-panel-header rounded-window-top">
              <img src="failed.png"/>
              <span class="class-name">com.obsqura.ServiceApp.ClientMoreInfoPageTest</span>
            </div> <!-- main-panel-header rounded-window-top -->
            <div class="main-panel-content rounded-window-bottom">
              <div class="method">
                <div class="method-content">
                  <a name="checkClickOnExportToExcelFileAndDownloadIt">
                  </a> <!-- checkClickOnExportToExcelFileAndDownloadIt -->
                  <span class="method-name">checkClickOnExportToExcelFileAndDownloadIt</span>
                  <div class="stack-trace">org.openqa.selenium.ElementClickInterceptedException: element click intercepted: Element &lt;i class=&quot;icon fa fa-tasks tip&quot; data-placement=&quot;left&quot; title=&quot;&quot; data-original-title=&quot;Actions&quot;&gt;&lt;/i&gt; is not clickable at point (1247, 125). Other element would receive the click: &lt;div id=&quot;loadingmessage&quot; class=&quot;loader&quot; style=&quot;&quot;&gt;&lt;/div&gt;
  (Session info: chrome=109.0.5414.75)
Build info: version: &apos;4.7.2&apos;, revision: &apos;4d4020c3b7&apos;
System info: os.name: &apos;Windows 10&apos;, os.arch: &apos;amd64&apos;, os.version: &apos;10.0&apos;, java.version: &apos;1.8.0_201&apos;
Driver info: org.openqa.selenium.chrome.ChromeDriver
Command: [bb5c091703dba6a0c8df8541a6753360, clickElement {id=52364513-2550-45f9-8b74-45be06b25e28}]
Capabilities {acceptInsecureCerts: false, browserName: chrome, browserVersion: 109.0.5414.75, chrome: {chromedriverVersion: 108.0.5359.71 (1e0e3868ee06..., userDataDir: C:\Users\admin\AppData\Loca...}, goog:chromeOptions: {debuggerAddress: localhost:62938}, networkConnectionEnabled: false, pageLoadStrategy: normal, platformName: WINDOWS, proxy: Proxy(), se:cdp: ws://localhost:62938/devtoo..., se:cdpVersion: 109.0.5414.75, setWindowRect: true, strictFileInteractability: false, timeouts: {implicit: 0, pageLoad: 300000, script: 30000}, unhandledPromptBehavior: dismiss and notify, webauthn:extension:credBlob: true, webauthn:extension:largeBlob: true, webauthn:virtualAuthenticators: true}
Element: [[ChromeDriver: chrome on WINDOWS (bb5c091703dba6a0c8df8541a6753360)] -&gt; xpath: //a[@data-toggle=&apos;dropdown&apos;]//child::i[@data-original-title=&apos;Actions&apos;]]
Session ID: bb5c091703dba6a0c8df8541a6753360
	at org.openqa.selenium.remote.codec.w3c.W3CHttpResponseCodec.createException(W3CHttpResponseCodec.java:200)
	at org.openqa.selenium.remote.codec.w3c.W3CHttpResponseCodec.decode(W3CHttpResponseCodec.java:133)
	at org.openqa.selenium.remote.codec.w3c.W3CHttpResponseCodec.decode(W3CHttpResponseCodec.java:53)
	at org.openqa.selenium.remote.HttpCommandExecutor.execute(HttpCommandExecutor.java:184)
	at org.openqa.selenium.remote.service.DriverCommandExecutor.invokeExecute(DriverCommandExecutor.java:167)
	at org.openqa.selenium.remote.service.DriverCommandExecutor.execute(DriverCommandExecutor.java:142)
	at org.openqa.selenium.remote.RemoteWebDriver.execute(RemoteWebDriver.java:535)
	at org.openqa.selenium.remote.RemoteWebElement.execute(RemoteWebElement.java:257)
	at org.openqa.selenium.remote.RemoteWebElement.click(RemoteWebElement.java:78)
	at org.openqa.selenium.support.pagefactory.internal.LocatingElementHandler.invoke(LocatingElementHandler.java:52)
	at com.sun.proxy.$Proxy20.click(Unknown Source)
	at utilities.PageUtility.clickOnElement(PageUtility.java:12)
	at pages.ClientMoreInfoPage.clickOnExportToExcelFileAndDownloadIt(ClientMoreInfoPage.java:85)
	at com.obsqura.ServiceApp.ClientMoreInfoPageTest.checkClickOnExportToExcelFileAndDownloadIt(ClientMoreInfoPageTest.java:25)
... Removed 33 stack frames
</div> <!-- stack-trace -->
                </div> <!-- method-content -->
              </div> <!-- method -->
            </div> <!-- main-panel-content rounded-window-bottom -->
          </div> <!-- suite-Suite-class-failed -->
          <div class="suite-Suite-class-passed">
            <div class="main-panel-header rounded-window-top">
              <img src="passed.png"/>
              <span class="class-name">com.obsqura.ServiceApp.SendSMSWindowPageTest</span>
            </div> <!-- main-panel-header rounded-window-top -->
            <div class="main-panel-content rounded-window-bottom">
              <div class="method">
                <div class="method-content">
                  <a name="verifySelectNameEnterMessageAndSend">
                  </a> <!-- verifySelectNameEnterMessageAndSend -->
                  <span class="method-name">verifySelectNameEnterMessageAndSend</span>
                </div> <!-- method-content -->
              </div> <!-- method -->
            </div> <!-- main-panel-content rounded-window-bottom -->
          </div> <!-- suite-Suite-class-passed -->
          <div class="suite-Suite-class-passed">
            <div class="main-panel-header rounded-window-top">
              <img src="passed.png"/>
              <span class="class-name">com.obsqura.ServiceApp.DropdownUserMenuTest</span>
            </div> <!-- main-panel-header rounded-window-top -->
            <div class="main-panel-content rounded-window-bottom">
              <div class="method">
                <div class="method-content">
                  <a name="verifyUserSignOut">
                  </a> <!-- verifyUserSignOut -->
                  <span class="method-name">verifyUserSignOut</span>
                </div> <!-- method-content -->
              </div> <!-- method -->
            </div> <!-- main-panel-content rounded-window-bottom -->
          </div> <!-- suite-Suite-class-passed -->
          <div class="suite-Suite-class-passed">
            <div class="main-panel-header rounded-window-top">
              <img src="passed.png"/>
              <span class="class-name">com.obsqura.ServiceApp.SendEmailWindowPageTest</span>
            </div> <!-- main-panel-header rounded-window-top -->
            <div class="main-panel-content rounded-window-bottom">
              <div class="method">
                <div class="method-content">
                  <a name="verifySelectNameEnterMessageAndSend">
                  </a> <!-- verifySelectNameEnterMessageAndSend -->
                  <span class="method-name">verifySelectNameEnterMessageAndSend</span>
                </div> <!-- method-content -->
              </div> <!-- method -->
            </div> <!-- main-panel-content rounded-window-bottom -->
          </div> <!-- suite-Suite-class-passed -->
          <div class="suite-Suite-class-passed">
            <div class="main-panel-header rounded-window-top">
              <img src="passed.png"/>
              <span class="class-name">com.obsqura.ServiceApp.ClientWindowPageTest</span>
            </div> <!-- main-panel-header rounded-window-top -->
            <div class="main-panel-content rounded-window-bottom">
              <div class="method">
                <div class="method-content">
                  <a name="verifycolorOfTheVariousButtonsOfAddClientForm">
                  </a> <!-- verifycolorOfTheVariousButtonsOfAddClientForm -->
                  <span class="method-name">verifycolorOfTheVariousButtonsOfAddClientForm</span>
                </div> <!-- method-content -->
              </div> <!-- method -->
              <div class="method">
                <div class="method-content">
                  <a name="verifyeEnterClientDetailsWithoutNameAndAddClient(Lewbricks Solutions, Mumbai, Mayank Vihar, Dombivilli East, Bombay, Andheri, 047239, 6734209836, nak...)">
                  </a> <!-- verifyeEnterClientDetailsWithoutNameAndAddClient(Lewbricks Solutions, Mumbai, Mayank Vihar, Dombivilli East, Bombay, Andheri, 047239, 6734209836, nak...) -->
                  <span class="method-name">verifyeEnterClientDetailsWithoutNameAndAddClient</span>
                  <span class="parameters">(Lewbricks Solutions, Mumbai, Mayank Vihar, Dombivilli East, Bombay, Andheri, 047239, 6734209836, nakul89@rediffmail.com, CG87OP54, 56YU98, Samsung yfold phone screen display)</span>
                </div> <!-- method-content -->
              </div> <!-- method -->
            </div> <!-- main-panel-content rounded-window-bottom -->
          </div> <!-- suite-Suite-class-passed -->
          <div class="suite-Suite-class-passed">
            <div class="main-panel-header rounded-window-top">
              <img src="passed.png"/>
              <span class="class-name">com.obsqura.ServiceApp.LoginPageTest</span>
            </div> <!-- main-panel-header rounded-window-top -->
            <div class="main-panel-content rounded-window-bottom">
              <div class="method">
                <div class="method-content">
                  <a name="verifyClickForgotPassword">
                  </a> <!-- verifyClickForgotPassword -->
                  <span class="method-name">verifyClickForgotPassword</span>
                </div> <!-- method-content -->
              </div> <!-- method -->
              <div class="method">
                <div class="method-content">
                  <a name="verifyClickRememberCheckBoxOnly">
                  </a> <!-- verifyClickRememberCheckBoxOnly -->
                  <span class="method-name">verifyClickRememberCheckBoxOnly</span>
                </div> <!-- method-content -->
              </div> <!-- method -->
              <div class="method">
                <div class="method-content">
                  <a name="verifyEnterPasswordAndRememberCheckBoxOnly">
                  </a> <!-- verifyEnterPasswordAndRememberCheckBoxOnly -->
                  <span class="method-name">verifyEnterPasswordAndRememberCheckBoxOnly</span>
                </div> <!-- method-content -->
              </div> <!-- method -->
              <div class="method">
                <div class="method-content">
                  <a name="verifyEnterUsernameAndPassword">
                  </a> <!-- verifyEnterUsernameAndPassword -->
                  <span class="method-name">verifyEnterUsernameAndPassword</span>
                </div> <!-- method-content -->
              </div> <!-- method -->
              <div class="method">
                <div class="method-content">
                  <a name="verifyEnterUsernameAndRememberCheckBoxOnly(admin@admin.com)">
                  </a> <!-- verifyEnterUsernameAndRememberCheckBoxOnly(admin@admin.com) -->
                  <span class="method-name">verifyEnterUsernameAndRememberCheckBoxOnly</span>
                  <span class="parameters">(admin@admin.com)</span>
                </div> <!-- method-content -->
              </div> <!-- method -->
            </div> <!-- main-panel-content rounded-window-bottom -->
          </div> <!-- suite-Suite-class-passed -->
          <div class="suite-Suite-class-passed">
            <div class="main-panel-header rounded-window-top">
              <img src="passed.png"/>
              <span class="class-name">com.obsqura.ServiceApp.InventoryPageInfoTest</span>
            </div> <!-- main-panel-header rounded-window-top -->
            <div class="main-panel-content rounded-window-bottom">
              <div class="method">
                <div class="method-content">
                  <a name="verifyClickOnInventoryPdtMoreInfoAndFetchUrl">
                  </a> <!-- verifyClickOnInventoryPdtMoreInfoAndFetchUrl -->
                  <span class="method-name">verifyClickOnInventoryPdtMoreInfoAndFetchUrl</span>
                </div> <!-- method-content -->
              </div> <!-- method -->
            </div> <!-- main-panel-content rounded-window-bottom -->
          </div> <!-- suite-Suite-class-passed -->
          <div class="suite-Suite-class-passed">
            <div class="main-panel-header rounded-window-top">
              <img src="passed.png"/>
              <span class="class-name">com.obsqura.ServiceApp.ReparationWindowPageTest</span>
            </div> <!-- main-panel-header rounded-window-top -->
            <div class="main-panel-content rounded-window-bottom">
              <div class="method">
                <div class="method-content">
                  <a name="checkClickOnMoreInfoAndExportPdfFile">
                  </a> <!-- checkClickOnMoreInfoAndExportPdfFile -->
                  <span class="method-name">checkClickOnMoreInfoAndExportPdfFile</span>
                </div> <!-- method-content -->
              </div> <!-- method -->
              <div class="method">
                <div class="method-content">
                  <a name="verifyClickOnPrintBarcodeInNewWindowCheckHeader">
                  </a> <!-- verifyClickOnPrintBarcodeInNewWindowCheckHeader -->
                  <span class="method-name">verifyClickOnPrintBarcodeInNewWindowCheckHeader</span>
                </div> <!-- method-content -->
              </div> <!-- method -->
              <div class="method">
                <div class="method-content">
                  <a name="verifyGetColorOfTheButtonsOfAddReparation">
                  </a> <!-- verifyGetColorOfTheButtonsOfAddReparation -->
                  <span class="method-name">verifyGetColorOfTheButtonsOfAddReparation</span>
                </div> <!-- method-content -->
              </div> <!-- method -->
            </div> <!-- main-panel-content rounded-window-bottom -->
          </div> <!-- suite-Suite-class-passed -->
          <div class="suite-Suite-class-passed">
            <div class="main-panel-header rounded-window-top">
              <img src="passed.png"/>
              <span class="class-name">com.obsqura.ServiceApp.NotificationPageTest</span>
            </div> <!-- main-panel-header rounded-window-top -->
            <div class="main-panel-content rounded-window-bottom">
              <div class="method">
                <div class="method-content">
                  <a name="checkClickNotificationAndNavigateToQuantityAlerts">
                  </a> <!-- checkClickNotificationAndNavigateToQuantityAlerts -->
                  <span class="method-name">checkClickNotificationAndNavigateToQuantityAlerts</span>
                </div> <!-- method-content -->
              </div> <!-- method -->
              <div class="method">
                <div class="method-content">
                  <a name="checkClickNotificationAndQuantityAlertTitle">
                  </a> <!-- checkClickNotificationAndQuantityAlertTitle -->
                  <span class="method-name">checkClickNotificationAndQuantityAlertTitle</span>
                </div> <!-- method-content -->
              </div> <!-- method -->
            </div> <!-- main-panel-content rounded-window-bottom -->
          </div> <!-- suite-Suite-class-passed -->
          <div class="suite-Suite-class-passed">
            <div class="main-panel-header rounded-window-top">
              <img src="passed.png"/>
              <span class="class-name">com.obsqura.ServiceApp.HomePageTest</span>
            </div> <!-- main-panel-header rounded-window-top -->
            <div class="main-panel-content rounded-window-bottom">
              <div class="method">
                <div class="method-content">
                  <a name="checkEnterAnInvalidMailIdDetailsAndSend(ravisankar_gatgmailcom, Mobile Screenshot, Screenshot HD capture and quality)">
                  </a> <!-- checkEnterAnInvalidMailIdDetailsAndSend(ravisankar_gatgmailcom, Mobile Screenshot, Screenshot HD capture and quality) -->
                  <span class="method-name">checkEnterAnInvalidMailIdDetailsAndSend</span>
                  <span class="parameters">(ravisankar_gatgmailcom, Mobile Screenshot, Screenshot HD capture and quality)</span>
                </div> <!-- method-content -->
              </div> <!-- method -->
              <div class="method">
                <div class="method-content">
                  <a name="verifyAndGetColorOfThreeContainerBoxes">
                  </a> <!-- verifyAndGetColorOfThreeContainerBoxes -->
                  <span class="method-name">verifyAndGetColorOfThreeContainerBoxes</span>
                </div> <!-- method-content -->
              </div> <!-- method -->
              <div class="method">
                <div class="method-content">
                  <a name="verifyEnterAnyTwoFieldsOfQuickEmailAndSend(vimal_h@reddifmail.com, Mobile Screenshot Sharpening)">
                  </a> <!-- verifyEnterAnyTwoFieldsOfQuickEmailAndSend(vimal_h@reddifmail.com, Mobile Screenshot Sharpening) -->
                  <span class="method-name">verifyEnterAnyTwoFieldsOfQuickEmailAndSend</span>
                  <span class="parameters">(vimal_h@reddifmail.com, Mobile Screenshot Sharpening)</span>
                </div> <!-- method-content -->
              </div> <!-- method -->
            </div> <!-- main-panel-content rounded-window-bottom -->
          </div> <!-- suite-Suite-class-passed -->
          <div class="suite-Suite-class-passed">
            <div class="main-panel-header rounded-window-top">
              <img src="passed.png"/>
              <span class="class-name">com.obsqura.ServiceApp.ClientMoreInfoPageTest</span>
            </div> <!-- main-panel-header rounded-window-top -->
            <div class="main-panel-content rounded-window-bottom">
              <div class="method">
                <div class="method-content">
                  <a name="verifyClickOnViewClientInNewWindowAndModifyName">
                  </a> <!-- verifyClickOnViewClientInNewWindowAndModifyName -->
                  <span class="method-name">verifyClickOnViewClientInNewWindowAndModifyName</span>
                </div> <!-- method-content -->
              </div> <!-- method -->
            </div> <!-- main-panel-content rounded-window-bottom -->
          </div> <!-- suite-Suite-class-passed -->
        </div> <!-- panel Suite -->
        <div panel-name="test-xml-Suite" class="panel">
          <div class="main-panel-header rounded-window-top">
            <span class="header-content">C:\Users\admin\eclipse-workspace\ServiceApp\testng.xml</span>
          </div> <!-- main-panel-header rounded-window-top -->
          <div class="main-panel-content rounded-window-bottom">
            <pre>
&lt;?xml version=&quot;1.0&quot; encoding=&quot;UTF-8&quot;?&gt;
&lt;!DOCTYPE suite SYSTEM &quot;http://testng.org/testng-1.0.dtd&quot;&gt;
&lt;suite guice-stage=&quot;DEVELOPMENT&quot; name=&quot;Suite&quot;&gt;
  &lt;parameter name=&quot;addItem&quot; value=&quot;Mobilecase&quot;/&gt;
  &lt;parameter name=&quot;defect&quot; value=&quot;Screen break&quot;/&gt;
  &lt;parameter name=&quot;subject&quot; value=&quot;Mobile Screenshot&quot;/&gt;
  &lt;parameter name=&quot;browser&quot; value=&quot;chrome&quot;/&gt;
  &lt;parameter name=&quot;imei&quot; value=&quot;7YE5TR&quot;/&gt;
  &lt;parameter name=&quot;mailid&quot; value=&quot;ravisankar_gatgmailcom&quot;/&gt;
  &lt;parameter name=&quot;comment&quot; value=&quot;Cannot be fixed without adhesive tape&quot;/&gt;
  &lt;parameter name=&quot;warrantyCardNumber&quot; value=&quot;B6R4W32P0&quot;/&gt;
  &lt;parameter name=&quot;userName&quot; value=&quot;admin@admin.com&quot;/&gt;
  &lt;parameter name=&quot;message&quot; value=&quot;Screenshot HD capture and quality&quot;/&gt;
  &lt;parameter name=&quot;category&quot; value=&quot;Screen Scratch&quot;/&gt;
  &lt;listeners&gt;
    &lt;listener class-name=&quot;com.obsqura.ServiceApp.Listeners&quot;/&gt;
  &lt;/listeners&gt;
  &lt;test name=&quot;Test&quot;&gt;
    &lt;classes&gt;
      &lt;class name=&quot;com.obsqura.ServiceApp.NotificationPageTest&quot;/&gt;
      &lt;class name=&quot;com.obsqura.ServiceApp.ClientMoreInfoPageTest&quot;/&gt;
      &lt;class name=&quot;com.obsqura.ServiceApp.DropdownUserMenuTest&quot;/&gt;
      &lt;class name=&quot;com.obsqura.ServiceApp.HomePageTest&quot;/&gt;
      &lt;class name=&quot;com.obsqura.ServiceApp.LoginPageTest&quot;/&gt;
      &lt;class name=&quot;com.obsqura.ServiceApp.InventoryPageInfoTest&quot;/&gt;
      &lt;class name=&quot;com.obsqura.ServiceApp.ClientWindowPageTest&quot;/&gt;
      &lt;class name=&quot;com.obsqura.ServiceApp.SendEmailWindowPageTest&quot;/&gt;
      &lt;class name=&quot;com.obsqura.ServiceApp.SendSMSWindowPageTest&quot;/&gt;
      &lt;class name=&quot;com.obsqura.ServiceApp.ReparationWindowPageTest&quot;/&gt;
    &lt;/classes&gt;
  &lt;/test&gt; &lt;!-- Test --&gt;
&lt;/suite&gt; &lt;!-- Suite --&gt;
            </pre>
          </div> <!-- main-panel-content rounded-window-bottom -->
        </div> <!-- panel -->
        <div panel-name="testlist-Suite" class="panel">
          <div class="main-panel-header rounded-window-top">
            <span class="header-content">Tests for Suite</span>
          </div> <!-- main-panel-header rounded-window-top -->
          <div class="main-panel-content rounded-window-bottom">
            <ul>
              <li>
                <span class="test-name">Test (10 classes)</span>
              </li>
            </ul>
          </div> <!-- main-panel-content rounded-window-bottom -->
        </div> <!-- panel -->
        <div panel-name="group-Suite" class="panel">
          <div class="main-panel-header rounded-window-top">
            <span class="header-content">Groups for Suite</span>
          </div> <!-- main-panel-header rounded-window-top -->
          <div class="main-panel-content rounded-window-bottom">
            <div class="test-group">
              <span class="test-group-name">Regression</span>
              <br/>
              <div class="method-in-group">
                <span class="method-in-group-name">checkClickNotificationAndNavigateToQuantityAlerts</span>
                <br/>
              </div> <!-- method-in-group -->
            </div> <!-- test-group -->
            <div class="test-group">
              <span class="test-group-name">Smoke</span>
              <br/>
              <div class="method-in-group">
                <span class="method-in-group-name">checkClickNotificationAndQuantityAlertTitle</span>
                <br/>
              </div> <!-- method-in-group -->
            </div> <!-- test-group -->
          </div> <!-- main-panel-content rounded-window-bottom -->
        </div> <!-- panel -->
        <div panel-name="times-Suite" class="panel">
          <div class="main-panel-header rounded-window-top">
            <span class="header-content">Times for Suite</span>
          </div> <!-- main-panel-header rounded-window-top -->
          <div class="main-panel-content rounded-window-bottom">
            <div class="times-div">
              <script type="text/javascript">
suiteTableInitFunctions.push('tableData_Suite');
function tableData_Suite() {
var data = new google.visualization.DataTable();
data.addColumn('number', 'Number');
data.addColumn('string', 'Method');
data.addColumn('string', 'Class');
data.addColumn('number', 'Time (ms)');
data.addRows(30);
data.setCell(0, 0, 0)
data.setCell(0, 1, 'verifyClickOnViewReparationInNewWindow')
data.setCell(0, 2, 'com.obsqura.ServiceApp.ReparationWindowPageTest')
data.setCell(0, 3, 58091);
data.setCell(1, 0, 1)
data.setCell(1, 1, 'verifySelectNameEnterMessageAndSend')
data.setCell(1, 2, 'com.obsqura.ServiceApp.SendEmailWindowPageTest')
data.setCell(1, 3, 12484);
data.setCell(2, 0, 2)
data.setCell(2, 1, 'checkClickOnExportToExcelFileAndDownloadIt')
data.setCell(2, 2, 'com.obsqura.ServiceApp.ClientMoreInfoPageTest')
data.setCell(2, 3, 9932);
data.setCell(3, 0, 3)
data.setCell(3, 1, 'verifyClickOnPrintBarcodeInNewWindowCheckHeader')
data.setCell(3, 2, 'com.obsqura.ServiceApp.ReparationWindowPageTest')
data.setCell(3, 3, 9491);
data.setCell(4, 0, 4)
data.setCell(4, 1, 'checkClickOnMoreInfoAndExportPdfFile')
data.setCell(4, 2, 'com.obsqura.ServiceApp.ReparationWindowPageTest')
data.setCell(4, 3, 7135);
data.setCell(5, 0, 5)
data.setCell(5, 1, 'checkClickNotificationAndNavigateToQuantityAlerts')
data.setCell(5, 2, 'com.obsqura.ServiceApp.NotificationPageTest')
data.setCell(5, 3, 7091);
data.setCell(6, 0, 6)
data.setCell(6, 1, 'verifySelectNameEnterMessageAndSend')
data.setCell(6, 2, 'com.obsqura.ServiceApp.SendSMSWindowPageTest')
data.setCell(6, 3, 6792);
data.setCell(7, 0, 7)
data.setCell(7, 1, 'verifyClickOnViewClientInNewWindowAndModifyName')
data.setCell(7, 2, 'com.obsqura.ServiceApp.ClientMoreInfoPageTest')
data.setCell(7, 3, 6634);
data.setCell(8, 0, 8)
data.setCell(8, 1, 'verifyGetColorOfTheButtonsOfAddReparation')
data.setCell(8, 2, 'com.obsqura.ServiceApp.ReparationWindowPageTest')
data.setCell(8, 3, 6319);
data.setCell(9, 0, 9)
data.setCell(9, 1, 'verifyEnterClientDetailsAndAddClient')
data.setCell(9, 2, 'com.obsqura.ServiceApp.ClientWindowPageTest')
data.setCell(9, 3, 5899);
data.setCell(10, 0, 10)
data.setCell(10, 1, 'verifyeEnterClientDetailsWithoutNameAndAddClient')
data.setCell(10, 2, 'com.obsqura.ServiceApp.ClientWindowPageTest')
data.setCell(10, 3, 5731);
data.setCell(11, 0, 11)
data.setCell(11, 1, 'checkClickNotificationAndQuantityAlertTitle')
data.setCell(11, 2, 'com.obsqura.ServiceApp.NotificationPageTest')
data.setCell(11, 3, 5535);
data.setCell(12, 0, 12)
data.setCell(12, 1, 'checkAndClickOnInventoryPdtTableElementAndInspectButtonColors')
data.setCell(12, 2, 'com.obsqura.ServiceApp.InventoryPageInfoTest')
data.setCell(12, 3, 5164);
data.setCell(13, 0, 13)
data.setCell(13, 1, 'verifyAndClickOnPrintBarcodeOrLabelAndGetAlertDescription')
data.setCell(13, 2, 'com.obsqura.ServiceApp.InventoryPageInfoTest')
data.setCell(13, 3, 5056);
data.setCell(14, 0, 14)
data.setCell(14, 1, 'verifyEnterAnyTwoFieldsOfQuickEmailAndSend')
data.setCell(14, 2, 'com.obsqura.ServiceApp.HomePageTest')
data.setCell(14, 3, 5030);
data.setCell(15, 0, 15)
data.setCell(15, 1, 'checkColorOfVariousButtonsInPrintBarcodeOrLabel')
data.setCell(15, 2, 'com.obsqura.ServiceApp.InventoryPageInfoTest')
data.setCell(15, 3, 4866);
data.setCell(16, 0, 16)
data.setCell(16, 1, 'verifyUserSignOut')
data.setCell(16, 2, 'com.obsqura.ServiceApp.DropdownUserMenuTest')
data.setCell(16, 3, 4835);
data.setCell(17, 0, 17)
data.setCell(17, 1, 'verifyClickOnInventoryPdtMoreInfoAndFetchUrl')
data.setCell(17, 2, 'com.obsqura.ServiceApp.InventoryPageInfoTest')
data.setCell(17, 3, 4804);
data.setCell(18, 0, 18)
data.setCell(18, 1, 'checkEnterAnInvalidMailIdDetailsAndSend')
data.setCell(18, 2, 'com.obsqura.ServiceApp.HomePageTest')
data.setCell(18, 3, 4794);
data.setCell(19, 0, 19)
data.setCell(19, 1, 'verifycolorOfTheVariousButtonsOfAddClientForm')
data.setCell(19, 2, 'com.obsqura.ServiceApp.ClientWindowPageTest')
data.setCell(19, 3, 4729);
data.setCell(20, 0, 20)
data.setCell(20, 1, 'verifyAndEnterMandatoryDetailsAddReparationReportGenerated')
data.setCell(20, 2, 'com.obsqura.ServiceApp.ReparationWindowPageTest')
data.setCell(20, 3, 4359);
data.setCell(21, 0, 21)
data.setCell(21, 1, 'verifyAndClickOnDateCalenderEventAndDeleteIt')
data.setCell(21, 2, 'com.obsqura.ServiceApp.HomePageTest')
data.setCell(21, 3, 4276);
data.setCell(22, 0, 22)
data.setCell(22, 1, 'verifyAndEnterSomeReparationDetailseAndAddReparation')
data.setCell(22, 2, 'com.obsqura.ServiceApp.ReparationWindowPageTest')
data.setCell(22, 3, 4176);
data.setCell(23, 0, 23)
data.setCell(23, 1, 'verifyAndGetColorOfThreeContainerBoxes')
data.setCell(23, 2, 'com.obsqura.ServiceApp.HomePageTest')
data.setCell(23, 3, 3984);
data.setCell(24, 0, 24)
data.setCell(24, 1, 'verifyAndClickOnDateCalenderAddEventIfAddedOrNot')
data.setCell(24, 2, 'com.obsqura.ServiceApp.HomePageTest')
data.setCell(24, 3, 3913);
data.setCell(25, 0, 25)
data.setCell(25, 1, 'verifyEnterUsernameAndPassword')
data.setCell(25, 2, 'com.obsqura.ServiceApp.LoginPageTest')
data.setCell(25, 3, 3904);
data.setCell(26, 0, 26)
data.setCell(26, 1, 'verifyClickForgotPassword')
data.setCell(26, 2, 'com.obsqura.ServiceApp.LoginPageTest')
data.setCell(26, 3, 1793);
data.setCell(27, 0, 27)
data.setCell(27, 1, 'verifyEnterPasswordAndRememberCheckBoxOnly')
data.setCell(27, 2, 'com.obsqura.ServiceApp.LoginPageTest')
data.setCell(27, 3, 967);
data.setCell(28, 0, 28)
data.setCell(28, 1, 'verifyEnterUsernameAndRememberCheckBoxOnly')
data.setCell(28, 2, 'com.obsqura.ServiceApp.LoginPageTest')
data.setCell(28, 3, 962);
data.setCell(29, 0, 29)
data.setCell(29, 1, 'verifyClickRememberCheckBoxOnly')
data.setCell(29, 2, 'com.obsqura.ServiceApp.LoginPageTest')
data.setCell(29, 3, 895);
window.suiteTableData['Suite']= { tableData: data, tableDiv: 'times-div-Suite'}
return data;
}
              </script>
              <span class="suite-total-time">Total running time: 3 minutes</span>
              <div id="times-div-Suite">
              </div> <!-- times-div-Suite -->
            </div> <!-- times-div -->
          </div> <!-- main-panel-content rounded-window-bottom -->
        </div> <!-- panel -->
        <div panel-name="reporter-Suite" class="panel">
          <div class="main-panel-header rounded-window-top">
            <span class="header-content">Reporter output for Suite</span>
          </div> <!-- main-panel-header rounded-window-top -->
          <div class="main-panel-content rounded-window-bottom">
          </div> <!-- main-panel-content rounded-window-bottom -->
        </div> <!-- panel -->
        <div panel-name="ignored-methods-Suite" class="panel">
          <div class="main-panel-header rounded-window-top">
            <span class="header-content">0 ignored methods</span>
          </div> <!-- main-panel-header rounded-window-top -->
          <div class="main-panel-content rounded-window-bottom">
          </div> <!-- main-panel-content rounded-window-bottom -->
        </div> <!-- panel -->
        <div panel-name="chronological-Suite" class="panel">
          <div class="main-panel-header rounded-window-top">
            <span class="header-content">Methods in chronological order</span>
          </div> <!-- main-panel-header rounded-window-top -->
          <div class="main-panel-content rounded-window-bottom">
            <div class="chronological-class">
              <div class="chronological-class-name">com.obsqura.ServiceApp.NotificationPageTest</div> <!-- chronological-class-name -->
              <div class="configuration-method before">
                <span class="method-name">initBrowser</span>
                <span class="method-start">0 ms</span>
              </div> <!-- configuration-method before -->
              <div class="configuration-method before">
                <span class="method-name">initializeBrowser(chrome)</span>
                <span class="method-start">37 ms</span>
              </div> <!-- configuration-method before -->
              <div class="test-method">
                <span class="method-name">checkClickNotificationAndNavigateToQuantityAlerts</span>
                <span class="method-start">8654 ms</span>
              </div> <!-- test-method -->
              <div class="configuration-method after">
                <span class="method-name">browserQuit([TestResult name=checkClickNotificationAndNavigateToQuantityAlerts status=SUCCESS method=Notificatio...)</span>
                <span class="method-start">15747 ms</span>
              </div> <!-- configuration-method after -->
              <div class="configuration-method before">
                <span class="method-name">initBrowser</span>
                <span class="method-start">16782 ms</span>
              </div> <!-- configuration-method before -->
              <div class="configuration-method before">
                <span class="method-name">initializeBrowser(chrome)</span>
                <span class="method-start">16860 ms</span>
              </div> <!-- configuration-method before -->
              <div class="test-method">
                <span class="method-name">checkClickNotificationAndQuantityAlertTitle</span>
                <span class="method-start">24516 ms</span>
              </div> <!-- test-method -->
              <div class="configuration-method after">
                <span class="method-name">browserQuit([TestResult name=checkClickNotificationAndQuantityAlertTitle status=SUCCESS method=NotificationPageT...)</span>
                <span class="method-start">30055 ms</span>
              </div> <!-- configuration-method after -->
            </div> <!-- chronological-class -->
            <div class="chronological-class">
              <div class="chronological-class-name">com.obsqura.ServiceApp.ClientMoreInfoPageTest</div> <!-- chronological-class-name -->
              <div class="configuration-method before">
                <span class="method-name">initBrowser</span>
                <span class="method-start">31065 ms</span>
              </div> <!-- configuration-method before -->
              <div class="configuration-method before">
                <span class="method-name">initializeBrowser(chrome)</span>
                <span class="method-start">31143 ms</span>
              </div> <!-- configuration-method before -->
              <div class="test-method">
                <img src="failed.png">
                </img>
                <span class="method-name">checkClickOnExportToExcelFileAndDownloadIt</span>
                <span class="method-start">39101 ms</span>
              </div> <!-- test-method -->
              <div class="configuration-method after">
                <span class="method-name">browserQuit([TestResult name=checkClickOnExportToExcelFileAndDownloadIt status=FAILURE method=ClientMoreInfoPage...)</span>
                <span class="method-start">49043 ms</span>
              </div> <!-- configuration-method after -->
              <div class="configuration-method before">
                <span class="method-name">initBrowser</span>
                <span class="method-start">50067 ms</span>
              </div> <!-- configuration-method before -->
              <div class="configuration-method before">
                <span class="method-name">initializeBrowser(chrome)</span>
                <span class="method-start">50113 ms</span>
              </div> <!-- configuration-method before -->
              <div class="test-method">
                <span class="method-name">verifyClickOnViewClientInNewWindowAndModifyName</span>
                <span class="method-start">57472 ms</span>
              </div> <!-- test-method -->
              <div class="configuration-method after">
                <span class="method-name">browserQuit([TestResult name=verifyClickOnViewClientInNewWindowAndModifyName status=SUCCESS method=ClientMoreInf...)</span>
                <span class="method-start">64107 ms</span>
              </div> <!-- configuration-method after -->
            </div> <!-- chronological-class -->
            <div class="chronological-class">
              <div class="chronological-class-name">com.obsqura.ServiceApp.DropdownUserMenuTest</div> <!-- chronological-class-name -->
              <div class="configuration-method before">
                <span class="method-name">initBrowser</span>
                <span class="method-start">65067 ms</span>
              </div> <!-- configuration-method before -->
              <div class="configuration-method before">
                <span class="method-name">initializeBrowser(chrome)</span>
                <span class="method-start">65082 ms</span>
              </div> <!-- configuration-method before -->
              <div class="test-method">
                <span class="method-name">verifyUserSignOut</span>
                <span class="method-start">72258 ms</span>
              </div> <!-- test-method -->
              <div class="configuration-method after">
                <span class="method-name">browserQuit([TestResult name=verifyUserSignOut status=SUCCESS method=DropdownUserMenuTest.verifyUserSignOut()[pr...)</span>
                <span class="method-start">77093 ms</span>
              </div> <!-- configuration-method after -->
            </div> <!-- chronological-class -->
            <div class="chronological-class">
              <div class="chronological-class-name">com.obsqura.ServiceApp.HomePageTest</div> <!-- chronological-class-name -->
              <div class="configuration-method before">
                <span class="method-name">initBrowser</span>
                <span class="method-start">78079 ms</span>
              </div> <!-- configuration-method before -->
              <div class="configuration-method before">
                <span class="method-name">initializeBrowser(chrome)</span>
                <span class="method-start">78079 ms</span>
              </div> <!-- configuration-method before -->
              <div class="test-method">
                <span class="method-name">checkEnterAnInvalidMailIdDetailsAndSend(ravisankar_gatgmailcom, Mobile Screenshot, Screenshot HD capture and quality)</span>
                <span class="method-start">84708 ms</span>
              </div> <!-- test-method -->
              <div class="configuration-method after">
                <span class="method-name">browserQuit([TestResult name=checkEnterAnInvalidMailIdDetailsAndSend status=SUCCESS method=HomePageTest.checkEnt...)</span>
                <span class="method-start">89502 ms</span>
              </div> <!-- configuration-method after -->
              <div class="configuration-method before">
                <span class="method-name">initBrowser</span>
                <span class="method-start">90485 ms</span>
              </div> <!-- configuration-method before -->
              <div class="configuration-method before">
                <span class="method-name">initializeBrowser(chrome)</span>
                <span class="method-start">90501 ms</span>
              </div> <!-- configuration-method before -->
              <div class="test-method">
                <img src="failed.png">
                </img>
                <span class="method-name">verifyAndClickOnDateCalenderAddEventIfAddedOrNot</span>
                <span class="method-start">97456 ms</span>
              </div> <!-- test-method -->
              <div class="configuration-method after">
                <span class="method-name">browserQuit([TestResult name=verifyAndClickOnDateCalenderAddEventIfAddedOrNot status=FAILURE method=HomePageTest...)</span>
                <span class="method-start">101384 ms</span>
              </div> <!-- configuration-method after -->
              <div class="configuration-method before">
                <span class="method-name">initBrowser</span>
                <span class="method-start">102825 ms</span>
              </div> <!-- configuration-method before -->
              <div class="configuration-method before">
                <span class="method-name">initializeBrowser(chrome)</span>
                <span class="method-start">102841 ms</span>
              </div> <!-- configuration-method before -->
              <div class="test-method">
                <img src="failed.png">
                </img>
                <span class="method-name">verifyAndClickOnDateCalenderEventAndDeleteIt</span>
                <span class="method-start">109731 ms</span>
              </div> <!-- test-method -->
              <div class="configuration-method after">
                <span class="method-name">browserQuit([TestResult name=verifyAndClickOnDateCalenderEventAndDeleteIt status=FAILURE method=HomePageTest.ver...)</span>
                <span class="method-start">114010 ms</span>
              </div> <!-- configuration-method after -->
              <div class="configuration-method before">
                <span class="method-name">initBrowser</span>
                <span class="method-start">115511 ms</span>
              </div> <!-- configuration-method before -->
              <div class="configuration-method before">
                <span class="method-name">initializeBrowser(chrome)</span>
                <span class="method-start">115545 ms</span>
              </div> <!-- configuration-method before -->
              <div class="test-method">
                <span class="method-name">verifyAndGetColorOfThreeContainerBoxes</span>
                <span class="method-start">122788 ms</span>
              </div> <!-- test-method -->
              <div class="configuration-method after">
                <span class="method-name">browserQuit([TestResult name=verifyAndGetColorOfThreeContainerBoxes status=SUCCESS method=HomePageTest.verifyAnd...)</span>
                <span class="method-start">126772 ms</span>
              </div> <!-- configuration-method after -->
              <div class="configuration-method before">
                <span class="method-name">initBrowser</span>
                <span class="method-start">127748 ms</span>
              </div> <!-- configuration-method before -->
              <div class="configuration-method before">
                <span class="method-name">initializeBrowser(chrome)</span>
                <span class="method-start">127764 ms</span>
              </div> <!-- configuration-method before -->
              <div class="test-method">
                <span class="method-name">verifyEnterAnyTwoFieldsOfQuickEmailAndSend(vimal_h@reddifmail.com, Mobile Screenshot Sharpening)</span>
                <span class="method-start">135160 ms</span>
              </div> <!-- test-method -->
              <div class="configuration-method after">
                <span class="method-name">browserQuit([TestResult name=verifyEnterAnyTwoFieldsOfQuickEmailAndSend status=SUCCESS method=HomePageTest.verif...)</span>
                <span class="method-start">140192 ms</span>
              </div> <!-- configuration-method after -->
            </div> <!-- chronological-class -->
            <div class="chronological-class">
              <div class="chronological-class-name">com.obsqura.ServiceApp.LoginPageTest</div> <!-- chronological-class-name -->
              <div class="configuration-method before">
                <span class="method-name">initBrowser</span>
                <span class="method-start">141226 ms</span>
              </div> <!-- configuration-method before -->
              <div class="configuration-method before">
                <span class="method-name">initializeBrowser(chrome)</span>
                <span class="method-start">141257 ms</span>
              </div> <!-- configuration-method before -->
              <div class="test-method">
                <span class="method-name">verifyClickForgotPassword</span>
                <span class="method-start">148703 ms</span>
              </div> <!-- test-method -->
              <div class="configuration-method after">
                <span class="method-name">browserQuit([TestResult name=verifyClickForgotPassword status=SUCCESS method=LoginPageTest.verifyClickForgotPass...)</span>
                <span class="method-start">150496 ms</span>
              </div> <!-- configuration-method after -->
              <div class="configuration-method before">
                <span class="method-name">initBrowser</span>
                <span class="method-start">151396 ms</span>
              </div> <!-- configuration-method before -->
              <div class="configuration-method before">
                <span class="method-name">initializeBrowser(chrome)</span>
                <span class="method-start">151412 ms</span>
              </div> <!-- configuration-method before -->
              <div class="test-method">
                <span class="method-name">verifyClickRememberCheckBoxOnly</span>
                <span class="method-start">159300 ms</span>
              </div> <!-- test-method -->
              <div class="configuration-method after">
                <span class="method-name">browserQuit([TestResult name=verifyClickRememberCheckBoxOnly status=SUCCESS method=LoginPageTest.verifyClickReme...)</span>
                <span class="method-start">160195 ms</span>
              </div> <!-- configuration-method after -->
              <div class="configuration-method before">
                <span class="method-name">initBrowser</span>
                <span class="method-start">161079 ms</span>
              </div> <!-- configuration-method before -->
              <div class="configuration-method before">
                <span class="method-name">initializeBrowser(chrome)</span>
                <span class="method-start">161095 ms</span>
              </div> <!-- configuration-method before -->
              <div class="test-method">
                <span class="method-name">verifyEnterPasswordAndRememberCheckBoxOnly</span>
                <span class="method-start">168413 ms</span>
              </div> <!-- test-method -->
              <div class="configuration-method after">
                <span class="method-name">browserQuit([TestResult name=verifyEnterPasswordAndRememberCheckBoxOnly status=SUCCESS method=LoginPageTest.veri...)</span>
                <span class="method-start">169396 ms</span>
              </div> <!-- configuration-method after -->
              <div class="configuration-method before">
                <span class="method-name">initBrowser</span>
                <span class="method-start">170281 ms</span>
              </div> <!-- configuration-method before -->
              <div class="configuration-method before">
                <span class="method-name">initializeBrowser(chrome)</span>
                <span class="method-start">170281 ms</span>
              </div> <!-- configuration-method before -->
              <div class="test-method">
                <span class="method-name">verifyEnterUsernameAndPassword</span>
                <span class="method-start">177177 ms</span>
              </div> <!-- test-method -->
              <div class="configuration-method after">
                <span class="method-name">browserQuit([TestResult name=verifyEnterUsernameAndPassword status=SUCCESS method=LoginPageTest.verifyEnterUsern...)</span>
                <span class="method-start">181081 ms</span>
              </div> <!-- configuration-method after -->
              <div class="configuration-method before">
                <span class="method-name">initBrowser</span>
                <span class="method-start">182026 ms</span>
              </div> <!-- configuration-method before -->
              <div class="configuration-method before">
                <span class="method-name">initializeBrowser(chrome)</span>
                <span class="method-start">182041 ms</span>
              </div> <!-- configuration-method before -->
              <div class="test-method">
                <span class="method-name">verifyEnterUsernameAndRememberCheckBoxOnly(admin@admin.com)</span>
                <span class="method-start">188948 ms</span>
              </div> <!-- test-method -->
              <div class="configuration-method after">
                <span class="method-name">browserQuit([TestResult name=verifyEnterUsernameAndRememberCheckBoxOnly status=SUCCESS method=LoginPageTest.veri...)</span>
                <span class="method-start">189910 ms</span>
              </div> <!-- configuration-method after -->
            </div> <!-- chronological-class -->
            <div class="chronological-class">
              <div class="chronological-class-name">com.obsqura.ServiceApp.InventoryPageInfoTest</div> <!-- chronological-class-name -->
              <div class="configuration-method before">
                <span class="method-name">initBrowser</span>
                <span class="method-start">190862 ms</span>
              </div> <!-- configuration-method before -->
              <div class="configuration-method before">
                <span class="method-name">initializeBrowser(chrome)</span>
                <span class="method-start">190873 ms</span>
              </div> <!-- configuration-method before -->
              <div class="test-method">
                <img src="failed.png">
                </img>
                <span class="method-name">checkAndClickOnInventoryPdtTableElementAndInspectButtonColors</span>
                <span class="method-start">197696 ms</span>
              </div> <!-- test-method -->
              <div class="configuration-method after">
                <span class="method-name">browserQuit([TestResult name=checkAndClickOnInventoryPdtTableElementAndInspectButtonColors status=FAILURE method...)</span>
                <span class="method-start">202865 ms</span>
              </div> <!-- configuration-method after -->
              <div class="configuration-method before">
                <span class="method-name">initBrowser</span>
                <span class="method-start">204054 ms</span>
              </div> <!-- configuration-method before -->
              <div class="configuration-method before">
                <span class="method-name">initializeBrowser(chrome)</span>
                <span class="method-start">204070 ms</span>
              </div> <!-- configuration-method before -->
              <div class="test-method">
                <img src="failed.png">
                </img>
                <span class="method-name">checkColorOfVariousButtonsInPrintBarcodeOrLabel</span>
                <span class="method-start">210926 ms</span>
              </div> <!-- test-method -->
              <div class="configuration-method after">
                <span class="method-name">browserQuit([TestResult name=checkColorOfVariousButtonsInPrintBarcodeOrLabel status=FAILURE method=InventoryPage...)</span>
                <span class="method-start">215798 ms</span>
              </div> <!-- configuration-method after -->
              <div class="configuration-method before">
                <span class="method-name">initBrowser</span>
                <span class="method-start">217111 ms</span>
              </div> <!-- configuration-method before -->
              <div class="configuration-method before">
                <span class="method-name">initializeBrowser(chrome)</span>
                <span class="method-start">217126 ms</span>
              </div> <!-- configuration-method before -->
              <div class="test-method">
                <img src="failed.png">
                </img>
                <span class="method-name">verifyAndClickOnPrintBarcodeOrLabelAndGetAlertDescription</span>
                <span class="method-start">223962 ms</span>
              </div> <!-- test-method -->
              <div class="configuration-method after">
                <span class="method-name">browserQuit([TestResult name=verifyAndClickOnPrintBarcodeOrLabelAndGetAlertDescription status=FAILURE method=Inv...)</span>
                <span class="method-start">229021 ms</span>
              </div> <!-- configuration-method after -->
              <div class="configuration-method before">
                <span class="method-name">initBrowser</span>
                <span class="method-start">230302 ms</span>
              </div> <!-- configuration-method before -->
              <div class="configuration-method before">
                <span class="method-name">initializeBrowser(chrome)</span>
                <span class="method-start">230302 ms</span>
              </div> <!-- configuration-method before -->
              <div class="test-method">
                <span class="method-name">verifyClickOnInventoryPdtMoreInfoAndFetchUrl</span>
                <span class="method-start">237306 ms</span>
              </div> <!-- test-method -->
              <div class="configuration-method after">
                <span class="method-name">browserQuit([TestResult name=verifyClickOnInventoryPdtMoreInfoAndFetchUrl status=SUCCESS method=InventoryPageInf...)</span>
                <span class="method-start">242111 ms</span>
              </div> <!-- configuration-method after -->
            </div> <!-- chronological-class -->
            <div class="chronological-class">
              <div class="chronological-class-name">com.obsqura.ServiceApp.ClientWindowPageTest</div> <!-- chronological-class-name -->
              <div class="configuration-method before">
                <span class="method-name">initBrowser</span>
                <span class="method-start">242972 ms</span>
              </div> <!-- configuration-method before -->
              <div class="configuration-method before">
                <span class="method-name">initializeBrowser(chrome)</span>
                <span class="method-start">242988 ms</span>
              </div> <!-- configuration-method before -->
              <div class="test-method">
                <img src="failed.png">
                </img>
                <span class="method-name">verifyEnterClientDetailsAndAddClient(Lewbricks Solutions, Mumbai, Mayank Vihar, Dombivilli East, Bombay, Andheri, 047239, 6734209836, nak...)</span>
                <span class="method-start">249416 ms</span>
              </div> <!-- test-method -->
              <div class="configuration-method after">
                <span class="method-name">browserQuit([TestResult name=verifyEnterClientDetailsAndAddClient status=FAILURE method=ClientWindowPageTest.ver...)</span>
                <span class="method-start">255317 ms</span>
              </div> <!-- configuration-method after -->
              <div class="configuration-method before">
                <span class="method-name">initBrowser</span>
                <span class="method-start">256696 ms</span>
              </div> <!-- configuration-method before -->
              <div class="configuration-method before">
                <span class="method-name">initializeBrowser(chrome)</span>
                <span class="method-start">256711 ms</span>
              </div> <!-- configuration-method before -->
              <div class="test-method">
                <span class="method-name">verifycolorOfTheVariousButtonsOfAddClientForm</span>
                <span class="method-start">264918 ms</span>
              </div> <!-- test-method -->
              <div class="configuration-method after">
                <span class="method-name">browserQuit([TestResult name=verifycolorOfTheVariousButtonsOfAddClientForm status=SUCCESS method=ClientWindowPag...)</span>
                <span class="method-start">269647 ms</span>
              </div> <!-- configuration-method after -->
              <div class="configuration-method before">
                <span class="method-name">initBrowser</span>
                <span class="method-start">270883 ms</span>
              </div> <!-- configuration-method before -->
              <div class="configuration-method before">
                <span class="method-name">initializeBrowser(chrome)</span>
                <span class="method-start">270948 ms</span>
              </div> <!-- configuration-method before -->
              <div class="test-method">
                <span class="method-name">verifyeEnterClientDetailsWithoutNameAndAddClient(Lewbricks Solutions, Mumbai, Mayank Vihar, Dombivilli East, Bombay, Andheri, 047239, 6734209836, nak...)</span>
                <span class="method-start">278650 ms</span>
              </div> <!-- test-method -->
              <div class="configuration-method after">
                <span class="method-name">browserQuit([TestResult name=verifyeEnterClientDetailsWithoutNameAndAddClient status=SUCCESS method=ClientWindow...)</span>
                <span class="method-start">284383 ms</span>
              </div> <!-- configuration-method after -->
            </div> <!-- chronological-class -->
            <div class="chronological-class">
              <div class="chronological-class-name">com.obsqura.ServiceApp.SendEmailWindowPageTest</div> <!-- chronological-class-name -->
              <div class="configuration-method before">
                <span class="method-name">initBrowser</span>
                <span class="method-start">285399 ms</span>
              </div> <!-- configuration-method before -->
              <div class="configuration-method before">
                <span class="method-name">initializeBrowser(chrome)</span>
                <span class="method-start">285415 ms</span>
              </div> <!-- configuration-method before -->
              <div class="test-method">
                <span class="method-name">verifySelectNameEnterMessageAndSend</span>
                <span class="method-start">292294 ms</span>
              </div> <!-- test-method -->
              <div class="configuration-method after">
                <span class="method-name">browserQuit([TestResult name=verifySelectNameEnterMessageAndSend status=SUCCESS method=SendEmailWindowPageTest.v...)</span>
                <span class="method-start">304780 ms</span>
              </div> <!-- configuration-method after -->
            </div> <!-- chronological-class -->
            <div class="chronological-class">
              <div class="chronological-class-name">com.obsqura.ServiceApp.SendSMSWindowPageTest</div> <!-- chronological-class-name -->
              <div class="configuration-method before">
                <span class="method-name">initBrowser</span>
                <span class="method-start">306314 ms</span>
              </div> <!-- configuration-method before -->
              <div class="configuration-method before">
                <span class="method-name">initializeBrowser(chrome)</span>
                <span class="method-start">306332 ms</span>
              </div> <!-- configuration-method before -->
              <div class="test-method">
                <span class="method-name">verifySelectNameEnterMessageAndSend</span>
                <span class="method-start">313779 ms</span>
              </div> <!-- test-method -->
              <div class="configuration-method after">
                <span class="method-name">browserQuit([TestResult name=verifySelectNameEnterMessageAndSend status=SUCCESS method=SendSMSWindowPageTest.ver...)</span>
                <span class="method-start">320572 ms</span>
              </div> <!-- configuration-method after -->
            </div> <!-- chronological-class -->
            <div class="chronological-class">
              <div class="chronological-class-name">com.obsqura.ServiceApp.ReparationWindowPageTest</div> <!-- chronological-class-name -->
              <div class="configuration-method before">
                <span class="method-name">initBrowser</span>
                <span class="method-start">321710 ms</span>
              </div> <!-- configuration-method before -->
              <div class="configuration-method before">
                <span class="method-name">initializeBrowser(chrome)</span>
                <span class="method-start">321756 ms</span>
              </div> <!-- configuration-method before -->
              <div class="test-method">
                <img src="failed.png">
                </img>
                <span class="method-name">verifyAndEnterMandatoryDetailsAddReparationReportGenerated(2WR6J89, Oppo Reno, Screen break, 14 PLUS PRO, B6R4W32P0, 25)</span>
                <span class="method-start">329647 ms</span>
              </div> <!-- test-method -->
              <div class="configuration-method after">
                <span class="method-name">browserQuit([TestResult name=verifyAndEnterMandatoryDetailsAddReparationReportGenerated status=FAILURE method=Re...)</span>
                <span class="method-start">334009 ms</span>
              </div> <!-- configuration-method after -->
              <div class="configuration-method before">
                <span class="method-name">initBrowser</span>
                <span class="method-start">335610 ms</span>
              </div> <!-- configuration-method before -->
              <div class="configuration-method before">
                <span class="method-name">initializeBrowser(chrome)</span>
                <span class="method-start">335625 ms</span>
              </div> <!-- configuration-method before -->
              <div class="test-method">
                <span class="method-name">checkClickOnMoreInfoAndExportPdfFile</span>
                <span class="method-start">343084 ms</span>
              </div> <!-- test-method -->
              <div class="configuration-method after">
                <span class="method-name">browserQuit([TestResult name=checkClickOnMoreInfoAndExportPdfFile status=SUCCESS method=ReparationWindowPageTest...)</span>
                <span class="method-start">350219 ms</span>
              </div> <!-- configuration-method after -->
              <div class="configuration-method before">
                <span class="method-name">initBrowser</span>
                <span class="method-start">351533 ms</span>
              </div> <!-- configuration-method before -->
              <div class="configuration-method before">
                <span class="method-name">initializeBrowser(chrome)</span>
                <span class="method-start">351547 ms</span>
              </div> <!-- configuration-method before -->
              <div class="test-method">
                <span class="method-name">verifyGetColorOfTheButtonsOfAddReparation</span>
                <span class="method-start">359170 ms</span>
              </div> <!-- test-method -->
              <div class="configuration-method after">
                <span class="method-name">browserQuit([TestResult name=verifyGetColorOfTheButtonsOfAddReparation status=SUCCESS method=ReparationWindowPag...)</span>
                <span class="method-start">365490 ms</span>
              </div> <!-- configuration-method after -->
              <div class="configuration-method before">
                <span class="method-name">initBrowser</span>
                <span class="method-start">366626 ms</span>
              </div> <!-- configuration-method before -->
              <div class="configuration-method before">
                <span class="method-name">initializeBrowser(chrome)</span>
                <span class="method-start">366648 ms</span>
              </div> <!-- configuration-method before -->
              <div class="test-method">
                <span class="method-name">verifyClickOnPrintBarcodeInNewWindowCheckHeader</span>
                <span class="method-start">373339 ms</span>
              </div> <!-- test-method -->
              <div class="configuration-method after">
                <span class="method-name">browserQuit([TestResult name=verifyClickOnPrintBarcodeInNewWindowCheckHeader status=SUCCESS method=ReparationWin...)</span>
                <span class="method-start">382831 ms</span>
              </div> <!-- configuration-method after -->
              <div class="configuration-method before">
                <span class="method-name">initBrowser</span>
                <span class="method-start">383916 ms</span>
              </div> <!-- configuration-method before -->
              <div class="configuration-method before">
                <span class="method-name">initializeBrowser(chrome)</span>
                <span class="method-start">383947 ms</span>
              </div> <!-- configuration-method before -->
              <div class="test-method">
                <img src="failed.png">
                </img>
                <span class="method-name">verifyClickOnViewReparationInNewWindow</span>
                <span class="method-start">391230 ms</span>
              </div> <!-- test-method -->
              <div class="configuration-method after">
                <span class="method-name">browserQuit([TestResult name=verifyClickOnViewReparationInNewWindow status=FAILURE method=ReparationWindowPageTe...)</span>
                <span class="method-start">449321 ms</span>
              </div> <!-- configuration-method after -->
              <div class="configuration-method before">
                <span class="method-name">initBrowser</span>
                <span class="method-start">450404 ms</span>
              </div> <!-- configuration-method before -->
              <div class="configuration-method before">
                <span class="method-name">initializeBrowser(chrome)</span>
                <span class="method-start">450404 ms</span>
              </div> <!-- configuration-method before -->
              <div class="test-method">
                <img src="failed.png">
                </img>
                <span class="method-name">verifyAndEnterSomeReparationDetailseAndAddReparation(7YE5TR, Screen Scratch, Mobilecase, Screen break, B6R4W32P0, Cannot be fixed without adhesive tape)</span>
                <span class="method-start">458008 ms</span>
              </div> <!-- test-method -->
              <div class="configuration-method after">
                <span class="method-name">browserQuit([TestResult name=verifyAndEnterSomeReparationDetailseAndAddReparation status=FAILURE method=Reparati...)</span>
                <span class="method-start">462186 ms</span>
              </div> <!-- configuration-method after -->
          </div> <!-- main-panel-content rounded-window-bottom -->
        </div> <!-- panel -->
      </div> <!-- main-panel-root -->
    </div> <!-- wrapper -->
  </body>
</html>
